-------------------------------------------------------------------------------
Test set: com.sap.cc.bulletinboard.ads.AdvertisementControllerTest
-------------------------------------------------------------------------------
Tests run: 3, Failures: 0, Errors: 3, Skipped: 0, Time elapsed: 0.592 s <<< FAILURE! - in com.sap.cc.bulletinboard.ads.AdvertisementControllerTest
getByCreatedAd  Time elapsed: 0 s  <<< ERROR!
java.lang.IllegalStateException: Failed to load ApplicationContext
Caused by: org.springframework.beans.factory.UnsatisfiedDependencyException: Error creating bean with name 'advertisementController': Unsatisfied dependency expressed through field 'ratingServiceClient'; nested exception is org.springframework.beans.factory.UnsatisfiedDependencyException: Error creating bean with name 'ratingServiceClient' defined in file [/Users/i320726/Documents/GitHub/cloud-fun/bulletin-board/exercise-code-java/target/classes/com/sap/cc/bulletinboard/rating/RatingServiceClient.class]: Unsatisfied dependency expressed through constructor parameter 1; nested exception is org.springframework.beans.factory.BeanCreationException: Error creating bean with name 'baseUrlProvider': Injection of autowired dependencies failed; nested exception is java.lang.IllegalArgumentException: Could not resolve placeholder 'service.rating.url.base' in value "${service.rating.url.base}"
Caused by: org.springframework.beans.factory.UnsatisfiedDependencyException: Error creating bean with name 'ratingServiceClient' defined in file [/Users/i320726/Documents/GitHub/cloud-fun/bulletin-board/exercise-code-java/target/classes/com/sap/cc/bulletinboard/rating/RatingServiceClient.class]: Unsatisfied dependency expressed through constructor parameter 1; nested exception is org.springframework.beans.factory.BeanCreationException: Error creating bean with name 'baseUrlProvider': Injection of autowired dependencies failed; nested exception is java.lang.IllegalArgumentException: Could not resolve placeholder 'service.rating.url.base' in value "${service.rating.url.base}"
Caused by: org.springframework.beans.factory.BeanCreationException: Error creating bean with name 'baseUrlProvider': Injection of autowired dependencies failed; nested exception is java.lang.IllegalArgumentException: Could not resolve placeholder 'service.rating.url.base' in value "${service.rating.url.base}"
Caused by: java.lang.IllegalArgumentException: Could not resolve placeholder 'service.rating.url.base' in value "${service.rating.url.base}"

getById  Time elapsed: 0 s  <<< ERROR!
java.lang.IllegalStateException: Failed to load ApplicationContext
Caused by: org.springframework.beans.factory.UnsatisfiedDependencyException: Error creating bean with name 'advertisementController': Unsatisfied dependency expressed through field 'ratingServiceClient'; nested exception is org.springframework.beans.factory.UnsatisfiedDependencyException: Error creating bean with name 'ratingServiceClient' defined in file [/Users/i320726/Documents/GitHub/cloud-fun/bulletin-board/exercise-code-java/target/classes/com/sap/cc/bulletinboard/rating/RatingServiceClient.class]: Unsatisfied dependency expressed through constructor parameter 1; nested exception is org.springframework.beans.factory.BeanCreationException: Error creating bean with name 'baseUrlProvider': Injection of autowired dependencies failed; nested exception is java.lang.IllegalArgumentException: Could not resolve placeholder 'service.rating.url.base' in value "${service.rating.url.base}"
Caused by: org.springframework.beans.factory.UnsatisfiedDependencyException: Error creating bean with name 'ratingServiceClient' defined in file [/Users/i320726/Documents/GitHub/cloud-fun/bulletin-board/exercise-code-java/target/classes/com/sap/cc/bulletinboard/rating/RatingServiceClient.class]: Unsatisfied dependency expressed through constructor parameter 1; nested exception is org.springframework.beans.factory.BeanCreationException: Error creating bean with name 'baseUrlProvider': Injection of autowired dependencies failed; nested exception is java.lang.IllegalArgumentException: Could not resolve placeholder 'service.rating.url.base' in value "${service.rating.url.base}"
Caused by: org.springframework.beans.factory.BeanCreationException: Error creating bean with name 'baseUrlProvider': Injection of autowired dependencies failed; nested exception is java.lang.IllegalArgumentException: Could not resolve placeholder 'service.rating.url.base' in value "${service.rating.url.base}"
Caused by: java.lang.IllegalArgumentException: Could not resolve placeholder 'service.rating.url.base' in value "${service.rating.url.base}"

getRequestToEmpty  Time elapsed: 0 s  <<< ERROR!
java.lang.IllegalStateException: Failed to load ApplicationContext
Caused by: org.springframework.beans.factory.UnsatisfiedDependencyException: Error creating bean with name 'advertisementController': Unsatisfied dependency expressed through field 'ratingServiceClient'; nested exception is org.springframework.beans.factory.UnsatisfiedDependencyException: Error creating bean with name 'ratingServiceClient' defined in file [/Users/i320726/Documents/GitHub/cloud-fun/bulletin-board/exercise-code-java/target/classes/com/sap/cc/bulletinboard/rating/RatingServiceClient.class]: Unsatisfied dependency expressed through constructor parameter 1; nested exception is org.springframework.beans.factory.BeanCreationException: Error creating bean with name 'baseUrlProvider': Injection of autowired dependencies failed; nested exception is java.lang.IllegalArgumentException: Could not resolve placeholder 'service.rating.url.base' in value "${service.rating.url.base}"
Caused by: org.springframework.beans.factory.UnsatisfiedDependencyException: Error creating bean with name 'ratingServiceClient' defined in file [/Users/i320726/Documents/GitHub/cloud-fun/bulletin-board/exercise-code-java/target/classes/com/sap/cc/bulletinboard/rating/RatingServiceClient.class]: Unsatisfied dependency expressed through constructor parameter 1; nested exception is org.springframework.beans.factory.BeanCreationException: Error creating bean with name 'baseUrlProvider': Injection of autowired dependencies failed; nested exception is java.lang.IllegalArgumentException: Could not resolve placeholder 'service.rating.url.base' in value "${service.rating.url.base}"
Caused by: org.springframework.beans.factory.BeanCreationException: Error creating bean with name 'baseUrlProvider': Injection of autowired dependencies failed; nested exception is java.lang.IllegalArgumentException: Could not resolve placeholder 'service.rating.url.base' in value "${service.rating.url.base}"
Caused by: java.lang.IllegalArgumentException: Could not resolve placeholder 'service.rating.url.base' in value "${service.rating.url.base}"

