<?xml version="1.0" encoding="UTF-8"?>
<testsuite xmlns:xsi="http://www.w3.org/2001/XMLSchema-instance" xsi:noNamespaceSchemaLocation="https://maven.apache.org/surefire/maven-surefire-plugin/xsd/surefire-test-report.xsd" name="com.sap.cc.bulletinboard.ads.AdvertisementControllerTest" time="0.592" tests="3" errors="3" skipped="0" failures="0">
  <properties>
[...]
</properties>
  <testcase name="getByCreatedAd" classname="com.sap.cc.bulletinboard.ads.AdvertisementControllerTest" time="0">
    <error message="Failed to load ApplicationContext" type="java.lang.IllegalStateException">java.lang.IllegalStateException: Failed to load ApplicationContext
Caused by: org.springframework.beans.factory.UnsatisfiedDependencyException: Error creating bean with name 'advertisementController': Unsatisfied dependency expressed through field 'ratingServiceClient'; nested exception is org.springframework.beans.factory.UnsatisfiedDependencyException: Error creating bean with name 'ratingServiceClient' defined in file [/Users/i320726/Documents/GitHub/cloud-fun/bulletin-board/exercise-code-java/target/classes/com/sap/cc/bulletinboard/rating/RatingServiceClient.class]: Unsatisfied dependency expressed through constructor parameter 1; nested exception is org.springframework.beans.factory.BeanCreationException: Error creating bean with name 'baseUrlProvider': Injection of autowired dependencies failed; nested exception is java.lang.IllegalArgumentException: Could not resolve placeholder 'service.rating.url.base' in value "${service.rating.url.base}"
Caused by: org.springframework.beans.factory.UnsatisfiedDependencyException: Error creating bean with name 'ratingServiceClient' defined in file [/Users/i320726/Documents/GitHub/cloud-fun/bulletin-board/exercise-code-java/target/classes/com/sap/cc/bulletinboard/rating/RatingServiceClient.class]: Unsatisfied dependency expressed through constructor parameter 1; nested exception is org.springframework.beans.factory.BeanCreationException: Error creating bean with name 'baseUrlProvider': Injection of autowired dependencies failed; nested exception is java.lang.IllegalArgumentException: Could not resolve placeholder 'service.rating.url.base' in value "${service.rating.url.base}"
Caused by: org.springframework.beans.factory.BeanCreationException: Error creating bean with name 'baseUrlProvider': Injection of autowired dependencies failed; nested exception is java.lang.IllegalArgumentException: Could not resolve placeholder 'service.rating.url.base' in value "${service.rating.url.base}"
Caused by: java.lang.IllegalArgumentException: Could not resolve placeholder 'service.rating.url.base' in value "${service.rating.url.base}"
</error>
    <system-out><![CDATA[{ "written_at":"2023-06-06T11:06:26.126Z","written_ts":1686049586126915000,"tenant_id":"-","component_id":"-","component_name":"-","organization_name":"-","component_type":"application","space_name":"-","component_instance":"0","organization_id":"-","correlation_id":"-","space_id":"-","container_id":"-","tenant_subdomain":"-","type":"log","logger":"org.springframework.boot.test.context.SpringBootTestContextBootstrapper","thread":"main","level":"INFO","categories":[],"msg":"Neither @ContextConfiguration nor @ContextHierarchy found for test class [com.sap.cc.bulletinboard.ads.AdvertisementControllerTest], using SpringBootContextLoader" }
{ "written_at":"2023-06-06T11:06:26.127Z","written_ts":1686049586127300000,"tenant_id":"-","component_id":"-","component_name":"-","organization_name":"-","component_type":"application","space_name":"-","component_instance":"0","organization_id":"-","correlation_id":"-","space_id":"-","container_id":"-","tenant_subdomain":"-","type":"log","logger":"org.springframework.test.context.support.AbstractContextLoader","thread":"main","level":"INFO","categories":[],"msg":"Could not detect default resource locations for test class [com.sap.cc.bulletinboard.ads.AdvertisementControllerTest]: no resource found for suffixes {-context.xml, Context.groovy}." }
{ "written_at":"2023-06-06T11:06:26.127Z","written_ts":1686049586127372000,"tenant_id":"-","component_id":"-","component_name":"-","organization_name":"-","component_type":"application","space_name":"-","component_instance":"0","organization_id":"-","correlation_id":"-","space_id":"-","container_id":"-","tenant_subdomain":"-","type":"log","logger":"org.springframework.test.context.support.AnnotationConfigContextLoaderUtils","thread":"main","level":"INFO","categories":[],"msg":"Could not detect default configuration classes for test class [com.sap.cc.bulletinboard.ads.AdvertisementControllerTest]: AdvertisementControllerTest does not declare any static, non-private, non-final, nested classes annotated with @Configuration." }
{ "written_at":"2023-06-06T11:06:26.129Z","written_ts":1686049586129857000,"tenant_id":"-","component_id":"-","component_name":"-","organization_name":"-","component_type":"application","space_name":"-","component_instance":"0","organization_id":"-","correlation_id":"-","space_id":"-","container_id":"-","tenant_subdomain":"-","type":"log","logger":"org.springframework.boot.test.context.SpringBootTestContextBootstrapper","thread":"main","level":"INFO","categories":[],"msg":"Found @SpringBootConfiguration com.sap.cc.bulletinboard.BulletinboardAdsApplication for test class com.sap.cc.bulletinboard.ads.AdvertisementControllerTest" }
{ "written_at":"2023-06-06T11:06:26.130Z","written_ts":1686049586130218000,"tenant_id":"-","component_id":"-","component_name":"-","organization_name":"-","component_type":"application","space_name":"-","component_instance":"0","organization_id":"-","correlation_id":"-","space_id":"-","container_id":"-","tenant_subdomain":"-","type":"log","logger":"org.springframework.boot.test.context.SpringBootTestContextBootstrapper","thread":"main","level":"INFO","categories":[],"msg":"Loaded default TestExecutionListener class names from location [META-INF/spring.factories]: [org.springframework.boot.test.mock.mockito.MockitoTestExecutionListener, org.springframework.boot.test.mock.mockito.ResetMocksTestExecutionListener, org.springframework.boot.test.autoconfigure.restdocs.RestDocsTestExecutionListener, org.springframework.boot.test.autoconfigure.web.client.MockRestServiceServerResetTestExecutionListener, org.springframework.boot.test.autoconfigure.web.servlet.MockMvcPrintOnlyOnFailureTestExecutionListener, org.springframework.boot.test.autoconfigure.web.servlet.WebDriverTestExecutionListener, org.springframework.boot.test.autoconfigure.webservices.client.MockWebServiceServerTestExecutionListener, org.springframework.test.context.web.ServletTestExecutionListener, org.springframework.test.context.support.DirtiesContextBeforeModesTestExecutionListener, org.springframework.test.context.support.DependencyInjectionTestExecutionListener, org.springframework.test.context.support.DirtiesContextTestExecutionListener, org.springframework.test.context.transaction.TransactionalTestExecutionListener, org.springframework.test.context.jdbc.SqlScriptsTestExecutionListener, org.springframework.test.context.event.EventPublishingTestExecutionListener]" }
{ "written_at":"2023-06-06T11:06:26.130Z","written_ts":1686049586130376000,"tenant_id":"-","component_id":"-","component_name":"-","organization_name":"-","component_type":"application","space_name":"-","component_instance":"0","organization_id":"-","correlation_id":"-","space_id":"-","container_id":"-","tenant_subdomain":"-","type":"log","logger":"org.springframework.boot.test.context.SpringBootTestContextBootstrapper","thread":"main","level":"INFO","categories":[],"msg":"Using TestExecutionListeners: [org.springframework.test.context.web.ServletTestExecutionListener@3bab95ca, org.springframework.test.context.support.DirtiesContextBeforeModesTestExecutionListener@71ad959b, org.springframework.boot.test.mock.mockito.MockitoTestExecutionListener@1d7c9811, org.springframework.boot.test.autoconfigure.SpringBootDependencyInjectionTestExecutionListener@3b362f1, org.springframework.test.context.support.DirtiesContextTestExecutionListener@6451a288, org.springframework.test.context.transaction.TransactionalTestExecutionListener@79cdf2d4, org.springframework.test.context.jdbc.SqlScriptsTestExecutionListener@8851ec, org.springframework.test.context.event.EventPublishingTestExecutionListener@18b40fe6, org.springframework.boot.test.mock.mockito.ResetMocksTestExecutionListener@7198ab9a, org.springframework.boot.test.autoconfigure.restdocs.RestDocsTestExecutionListener@67d5ac2f, org.springframework.boot.test.autoconfigure.web.client.MockRestServiceServerResetTestExecutionListener@25109608, org.springframework.boot.test.autoconfigure.web.servlet.MockMvcPrintOnlyOnFailureTestExecutionListener@1d637673, org.springframework.boot.test.autoconfigure.web.servlet.WebDriverTestExecutionListener@2913ca3e, org.springframework.boot.test.autoconfigure.webservices.client.MockWebServiceServerTestExecutionListener@636dbfe7]" }

  .   ____          _            __ _ _
 /\\ / ___'_ __ _ _(_)_ __  __ _ \ \ \ \
( ( )\___ | '_ | '_| | '_ \/ _` | \ \ \ \
 \\/  ___)| |_)| | | | | || (_| |  ) ) ) )
  '  |____| .__|_| |_|_| |_\__, | / / / /
 =========|_|==============|___/=/_/_/_/
 :: Spring Boot ::        (v2.3.1.RELEASE)

{ "written_at":"2023-06-06T11:06:26.145Z","written_ts":1686049586145409000,"tenant_id":"-","component_id":"-","component_name":"-","organization_name":"-","component_type":"application","space_name":"-","component_instance":"0","organization_id":"-","correlation_id":"-","space_id":"-","container_id":"-","tenant_subdomain":"-","type":"log","logger":"com.sap.cc.bulletinboard.ads.AdvertisementControllerTest","thread":"main","level":"INFO","categories":[],"msg":"Starting AdvertisementControllerTest on M25MFJL74M with PID 33131 (started by i320726 in /Users/i320726/Documents/GitHub/cloud-fun/bulletin-board/exercise-code-java)" }
{ "written_at":"2023-06-06T11:06:26.145Z","written_ts":1686049586145589000,"tenant_id":"-","component_id":"-","component_name":"-","organization_name":"-","component_type":"application","space_name":"-","component_instance":"0","organization_id":"-","correlation_id":"-","space_id":"-","container_id":"-","tenant_subdomain":"-","type":"log","logger":"com.sap.cc.bulletinboard.ads.AdvertisementControllerTest","thread":"main","level":"INFO","categories":[],"msg":"No active profile set, falling back to default profiles: default" }
{ "written_at":"2023-06-06T11:06:26.239Z","written_ts":1686049586239752000,"tenant_id":"-","component_id":"-","component_name":"-","organization_name":"-","component_type":"application","space_name":"-","component_instance":"0","organization_id":"-","correlation_id":"-","space_id":"-","container_id":"-","tenant_subdomain":"-","type":"log","logger":"org.springframework.data.repository.config.RepositoryConfigurationDelegate","thread":"main","level":"INFO","categories":[],"msg":"Bootstrapping Spring Data JPA repositories in DEFERRED mode." }
{ "written_at":"2023-06-06T11:06:26.244Z","written_ts":1686049586244282000,"tenant_id":"-","component_id":"-","component_name":"-","organization_name":"-","component_type":"application","space_name":"-","component_instance":"0","organization_id":"-","correlation_id":"-","space_id":"-","container_id":"-","tenant_subdomain":"-","type":"log","logger":"org.springframework.data.repository.config.RepositoryConfigurationDelegate","thread":"main","level":"INFO","categories":[],"msg":"Finished Spring Data repository scanning in 4ms. Found 1 JPA repository interfaces." }
{ "written_at":"2023-06-06T11:06:26.293Z","written_ts":1686049586293665000,"tenant_id":"-","component_id":"-","component_name":"-","organization_name":"-","component_type":"application","space_name":"-","component_instance":"0","organization_id":"-","correlation_id":"-","space_id":"-","container_id":"-","tenant_subdomain":"-","type":"log","logger":"org.springframework.scheduling.concurrent.ThreadPoolTaskExecutor","thread":"main","level":"INFO","categories":[],"msg":"Initializing ExecutorService 'applicationTaskExecutor'" }
{ "written_at":"2023-06-06T11:06:26.300Z","written_ts":1686049586300474000,"tenant_id":"-","component_type":"application","component_id":"-","space_name":"-","component_name":"-","component_instance":"0","organization_id":"-","correlation_id":"-","organization_name":"-","space_id":"-","container_id":"-","tenant_subdomain":"-","type":"log","logger":"org.hibernate.jpa.internal.util.LogHelper","thread":"task-1","level":"INFO","categories":[],"msg":"HHH000204: Processing PersistenceUnitInfo [name: default]" }
{ "written_at":"2023-06-06T11:06:26.302Z","written_ts":1686049586302551000,"tenant_id":"-","component_id":"-","component_name":"-","organization_name":"-","component_type":"application","space_name":"-","component_instance":"0","organization_id":"-","correlation_id":"-","space_id":"-","container_id":"-","tenant_subdomain":"-","type":"log","logger":"com.zaxxer.hikari.HikariDataSource","thread":"task-1","level":"INFO","categories":[],"msg":"HikariPool-6 - Starting..." }
{ "written_at":"2023-06-06T11:06:26.303Z","written_ts":1686049586303222000,"tenant_id":"-","component_id":"-","component_name":"-","organization_name":"-","component_type":"application","space_name":"-","component_instance":"0","organization_id":"-","correlation_id":"-","space_id":"-","container_id":"-","tenant_subdomain":"-","type":"log","logger":"org.springframework.web.context.support.GenericWebApplicationContext","thread":"main","level":"WARN","categories":[],"msg":"Exception encountered during context initialization - cancelling refresh attempt: org.springframework.beans.factory.UnsatisfiedDependencyException: Error creating bean with name 'advertisementController': Unsatisfied dependency expressed through field 'ratingServiceClient'; nested exception is org.springframework.beans.factory.UnsatisfiedDependencyException: Error creating bean with name 'ratingServiceClient' defined in file [/Users/i320726/Documents/GitHub/cloud-fun/bulletin-board/exercise-code-java/target/classes/com/sap/cc/bulletinboard/rating/RatingServiceClient.class]: Unsatisfied dependency expressed through constructor parameter 1; nested exception is org.springframework.beans.factory.BeanCreationException: Error creating bean with name 'baseUrlProvider': Injection of autowired dependencies failed; nested exception is java.lang.IllegalArgumentException: Could not resolve placeholder 'service.rating.url.base' in value \"${service.rating.url.base}\"" }
{ "written_at":"2023-06-06T11:06:26.303Z","written_ts":1686049586303348000,"tenant_id":"-","component_id":"-","component_name":"-","organization_name":"-","component_type":"application","space_name":"-","component_instance":"0","organization_id":"-","correlation_id":"-","space_id":"-","container_id":"-","tenant_subdomain":"-","type":"log","logger":"org.springframework.orm.jpa.LocalContainerEntityManagerFactoryBean","thread":"main","level":"INFO","categories":[],"msg":"Closing JPA EntityManagerFactory for persistence unit 'default'" }
{ "written_at":"2023-06-06T11:06:26.306Z","written_ts":1686049586306292000,"tenant_id":"-","component_id":"-","component_name":"-","organization_name":"-","component_type":"application","space_name":"-","component_instance":"0","organization_id":"-","correlation_id":"-","space_id":"-","container_id":"-","tenant_subdomain":"-","type":"log","logger":"com.zaxxer.hikari.HikariDataSource","thread":"task-1","level":"INFO","categories":[],"msg":"HikariPool-6 - Start completed." }
{ "written_at":"2023-06-06T11:06:26.306Z","written_ts":1686049586306429000,"tenant_id":"-","component_id":"-","component_name":"-","organization_name":"-","component_type":"application","space_name":"-","component_instance":"0","organization_id":"-","correlation_id":"-","space_id":"-","container_id":"-","tenant_subdomain":"-","type":"log","logger":"org.hibernate.dialect.Dialect","thread":"task-1","level":"INFO","categories":[],"msg":"HHH000400: Using dialect: org.hibernate.dialect.H2Dialect" }
{ "written_at":"2023-06-06T11:06:26.320Z","written_ts":1686049586320225000,"tenant_id":"-","component_id":"-","component_name":"-","organization_name":"-","component_type":"application","space_name":"-","component_instance":"0","organization_id":"-","correlation_id":"-","space_id":"-","container_id":"-","tenant_subdomain":"-","type":"log","logger":"org.hibernate.engine.transaction.jta.platform.internal.JtaPlatformInitiator","thread":"task-1","level":"INFO","categories":[],"msg":"HHH000490: Using JtaPlatform implementation: [org.hibernate.engine.transaction.jta.platform.internal.NoJtaPlatform]" }
{ "written_at":"2023-06-06T11:06:26.320Z","written_ts":1686049586320496000,"tenant_id":"-","component_id":"-","component_name":"-","organization_name":"-","component_type":"application","space_name":"-","component_instance":"0","organization_id":"-","correlation_id":"-","space_id":"-","container_id":"-","tenant_subdomain":"-","type":"log","logger":"org.springframework.orm.jpa.LocalContainerEntityManagerFactoryBean","thread":"task-1","level":"INFO","categories":[],"msg":"Initialized JPA EntityManagerFactory for persistence unit 'default'" }
{ "written_at":"2023-06-06T11:06:26.321Z","written_ts":1686049586321652000,"tenant_id":"-","component_id":"-","component_name":"-","organization_name":"-","component_type":"application","space_name":"-","component_instance":"0","organization_id":"-","correlation_id":"-","space_id":"-","container_id":"-","tenant_subdomain":"-","type":"log","logger":"org.springframework.scheduling.concurrent.ThreadPoolTaskExecutor","thread":"main","level":"INFO","categories":[],"msg":"Shutting down ExecutorService 'applicationTaskExecutor'" }
{ "written_at":"2023-06-06T11:06:26.321Z","written_ts":1686049586321752000,"tenant_id":"-","component_id":"-","component_name":"-","organization_name":"-","component_type":"application","space_name":"-","component_instance":"0","organization_id":"-","correlation_id":"-","space_id":"-","container_id":"-","tenant_subdomain":"-","type":"log","logger":"com.zaxxer.hikari.HikariDataSource","thread":"main","level":"INFO","categories":[],"msg":"HikariPool-6 - Shutdown initiated..." }
{ "written_at":"2023-06-06T11:06:26.361Z","written_ts":1686049586362065000,"tenant_id":"-","component_id":"-","component_name":"-","organization_name":"-","component_type":"application","space_name":"-","component_instance":"0","organization_id":"-","correlation_id":"-","space_id":"-","container_id":"-","tenant_subdomain":"-","type":"log","logger":"com.zaxxer.hikari.HikariDataSource","thread":"main","level":"INFO","categories":[],"msg":"HikariPool-6 - Shutdown completed." }
{ "written_at":"2023-06-06T11:06:26.363Z","written_ts":1686049586363345000,"tenant_id":"-","component_id":"-","component_name":"-","organization_name":"-","component_type":"application","space_name":"-","component_instance":"0","organization_id":"-","correlation_id":"-","space_id":"-","container_id":"-","tenant_subdomain":"-","type":"log","logger":"org.springframework.boot.autoconfigure.logging.ConditionEvaluationReportLoggingListener","thread":"main","level":"INFO","categories":[],"msg":"\n\nError starting ApplicationContext. To display the conditions report re-run your application with 'debug' enabled." }
{ "written_at":"2023-06-06T11:06:26.363Z","written_ts":1686049586363829000,"tenant_id":"-","component_id":"-","component_name":"-","organization_name":"-","component_type":"application","space_name":"-","component_instance":"0","organization_id":"-","correlation_id":"-","space_id":"-","container_id":"-","tenant_subdomain":"-","type":"log","logger":"org.springframework.boot.SpringApplication","thread":"main","level":"ERROR","categories":[],"msg":"Application run failed","stacktrace":["org.springframework.beans.factory.UnsatisfiedDependencyException: Error creating bean with name 'advertisementController': Unsatisfied dependency expressed through field 'ratingServiceClient'; nested exception is org.springframework.beans.factory.UnsatisfiedDependencyException: Error creating bean with name 'ratingServiceClient' defined in file [/Users/i320726/Documents/GitHub/cloud-fun/bulletin-board/exercise-code-java/target/classes/com/sap/cc/bulletinboard/rating/RatingServiceClient.class]: Unsatisfied dependency expressed through constructor parameter 1; nested exception is org.springframework.beans.factory.BeanCreationException: Error creating bean with name 'baseUrlProvider': Injection of autowired dependencies failed; nested exception is java.lang.IllegalArgumentException: Could not resolve placeholder 'service.rating.url.base' in value \"${service.rating.url.base}\"","\tat org.springframework.beans.factory.annotation.AutowiredAnnotationBeanPostProcessor$AutowiredFieldElement.inject(AutowiredAnnotationBeanPostProcessor.java:643)","\tat org.springframework.beans.factory.annotation.InjectionMetadata.inject(InjectionMetadata.java:130)","\tat org.springframework.beans.factory.annotation.AutowiredAnnotationBeanPostProcessor.postProcessProperties(AutowiredAnnotationBeanPostProcessor.java:399)","\tat org.springframework.beans.factory.support.AbstractAutowireCapableBeanFactory.populateBean(AbstractAutowireCapableBeanFactory.java:1422)","\tat org.springframework.beans.factory.support.AbstractAutowireCapableBeanFactory.doCreateBean(AbstractAutowireCapableBeanFactory.java:594)","\tat org.springframework.beans.factory.support.AbstractAutowireCapableBeanFactory.createBean(AbstractAutowireCapableBeanFactory.java:517)","\tat org.springframework.beans.factory.support.AbstractBeanFactory.lambda$doGetBean$0(AbstractBeanFactory.java:323)","\tat org.springframework.beans.factory.support.DefaultSingletonBeanRegistry.getSingleton(DefaultSingletonBeanRegistry.java:226)","\tat org.springframework.beans.factory.support.AbstractBeanFactory.doGetBean(AbstractBeanFactory.java:321)","\tat org.springframework.beans.factory.support.AbstractBeanFactory.getBean(AbstractBeanFactory.java:202)","\tat org.springframework.beans.factory.support.DefaultListableBeanFactory.preInstantiateSingletons(DefaultListableBeanFactory.java:893)","\tat org.springframework.context.support.AbstractApplicationContext.finishBeanFactoryInitialization(AbstractApplicationContext.java:879)","\tat org.springframework.context.support.AbstractApplicationContext.refresh(AbstractApplicationContext.java:551)","\tat org.springframework.boot.SpringApplication.refresh(SpringApplication.java:758)","\tat org.springframework.boot.SpringApplication.refresh(SpringApplication.java:750)","\tat org.springframework.boot.SpringApplication.refreshContext(SpringApplication.java:397)","\tat org.springframework.boot.SpringApplication.run(SpringApplication.java:315)","\tat org.springframework.boot.test.context.SpringBootContextLoader.loadContext(SpringBootContextLoader.java:120)","\tat org.springframework.test.context.cache.DefaultCacheAwareContextLoaderDelegate.loadContextInternal(DefaultCacheAwareContextLoaderDelegate.java:99)","\tat org.springframework.test.context.cache.DefaultCacheAwareContextLoaderDelegate.loadContext(DefaultCacheAwareContextLoaderDelegate.java:124)","\tat org.springframework.test.context.support.DefaultTestContext.getApplicationContext(DefaultTestContext.java:123)","\tat org.springframework.test.context.web.ServletTestExecutionListener.setUpRequestContextIfNecessary(ServletTestExecutionListener.java:190)","\tat org.springframework.test.context.web.ServletTestExecutionListener.prepareTestInstance(ServletTestExecutionListener.java:132)","\tat org.springframework.test.context.TestContextManager.prepareTestInstance(TestContextManager.java:244)","\tat org.springframework.test.context.junit.jupiter.SpringExtension.postProcessTestInstance(SpringExtension.java:98)","\tat org.junit.jupiter.engine.descriptor.ClassBasedTestDescriptor.lambda$invokeTestInstancePostProcessors$5(ClassBasedTestDescriptor.java:341)","\tat org.junit.jupiter.engine.descriptor.ClassBasedTestDescriptor.executeAndMaskThrowable(ClassBasedTestDescriptor.java:346)","\tat org.junit.jupiter.engine.descriptor.ClassBasedTestDescriptor.lambda$invokeTestInstancePostProcessors$6(ClassBasedTestDescriptor.java:341)","\tat java.base/java.util.stream.ReferencePipeline$3$1.accept(ReferencePipeline.java:195)","\tat java.base/java.util.stream.ReferencePipeline$2$1.accept(ReferencePipeline.java:177)","\tat java.base/java.util.ArrayList$ArrayListSpliterator.forEachRemaining(ArrayList.java:1655)","\tat java.base/java.util.stream.AbstractPipeline.copyInto(AbstractPipeline.java:484)","\tat java.base/java.util.stream.AbstractPipeline.wrapAndCopyInto(AbstractPipeline.java:474)","\tat java.base/java.util.stream.StreamSpliterators$WrappingSpliterator.forEachRemaining(StreamSpliterators.java:312)","\tat java.base/java.util.stream.Streams$ConcatSpliterator.forEachRemaining(Streams.java:735)","\tat java.base/java.util.stream.Streams$ConcatSpliterator.forEachRemaining(Streams.java:734)","\tat java.base/java.util.stream.ReferencePipeline$Head.forEach(ReferencePipeline.java:658)","\tat org.junit.jupiter.engine.descriptor.ClassBasedTestDescriptor.invokeTestInstancePostProcessors(ClassBasedTestDescriptor.java:340)","\tat org.junit.jupiter.engine.descriptor.ClassBasedTestDescriptor.instantiateAndPostProcessTestInstance(ClassBasedTestDescriptor.java:263)","\tat org.junit.jupiter.engine.descriptor.ClassBasedTestDescriptor.lambda$testInstancesProvider$2(ClassBasedTestDescriptor.java:256)","\tat java.base/java.util.Optional.orElseGet(Optional.java:369)","\tat org.junit.jupiter.engine.descriptor.ClassBasedTestDescriptor.lambda$testInstancesProvider$3(ClassBasedTestDescriptor.java:255)","\tat org.junit.jupiter.engine.execution.TestInstancesProvider.getTestInstances(TestInstancesProvider.java:29)","\tat org.junit.jupiter.engine.descriptor.TestMethodTestDescriptor.lambda$prepare$0(TestMethodTestDescriptor.java:108)","\tat org.junit.platform.engine.support.hierarchical.ThrowableCollector.execute(ThrowableCollector.java:73)","\tat org.junit.jupiter.engine.descriptor.TestMethodTestDescriptor.prepare(TestMethodTestDescriptor.java:107)","\tat org.junit.jupiter.engine.descriptor.TestMethodTestDescriptor.prepare(TestMethodTestDescriptor.java:71)","\tat org.junit.platform.engine.support.hierarchical.NodeTestTask.lambda$prepare$1(NodeTestTask.java:107)","\tat org.junit.platform.engine.support.hierarchical.ThrowableCollector.execute(ThrowableCollector.java:73)","\tat org.junit.platform.engine.support.hierarchical.NodeTestTask.prepare(NodeTestTask.java:107)","\tat org.junit.platform.engine.support.hierarchical.NodeTestTask.execute(NodeTestTask.java:75)","\tat java.base/java.util.ArrayList.forEach(ArrayList.java:1541)","\tat org.junit.platform.engine.support.hierarchical.SameThreadHierarchicalTestExecutorService.invokeAll(SameThreadHierarchicalTestExecutorService.java:38)","\tat org.junit.platform.engine.support.hierarchical.NodeTestTask.lambda$executeRecursively$5(NodeTestTask.java:139)","\tat org.junit.platform.engine.support.hierarchical.ThrowableCollector.execute(ThrowableCollector.java:73)","\tat org.junit.platform.engine.support.hierarchical.NodeTestTask.lambda$executeRecursively$7(NodeTestTask.java:125)","\tat org.junit.platform.engine.support.hierarchical.Node.around(Node.java:135)","\tat org.junit.platform.engine.support.hierarchical.NodeTestTask.lambda$executeRecursively$8(NodeTestTask.java:123)","\tat org.junit.platform.engine.support.hierarchical.ThrowableCollector.execute(ThrowableCollector.java:73)","\tat org.junit.platform.engine.support.hierarchical.NodeTestTask.executeRecursively(NodeTestTask.java:122)","\tat org.junit.platform.engine.support.hierarchical.NodeTestTask.execute(NodeTestTask.java:80)","\tat java.base/java.util.ArrayList.forEach(ArrayList.java:1541)","\tat org.junit.platform.engine.support.hierarchical.SameThreadHierarchicalTestExecutorService.invokeAll(SameThreadHierarchicalTestExecutorService.java:38)","\tat org.junit.platform.engine.support.hierarchical.NodeTestTask.lambda$executeRecursively$5(NodeTestTask.java:139)","\tat org.junit.platform.engine.support.hierarchical.ThrowableCollector.execute(ThrowableCollector.java:73)","\tat org.junit.platform.engine.support.hierarchical.NodeTestTask.lambda$executeRecursively$7(NodeTestTask.java:125)","\tat org.junit.platform.engine.support.hierarchical.Node.around(Node.java:135)","\tat org.junit.platform.engine.support.hierarchical.NodeTestTask.lambda$executeRecursively$8(NodeTestTask.java:123)","\tat org.junit.platform.engine.support.hierarchical.ThrowableCollector.execute(ThrowableCollector.java:73)","\tat org.junit.platform.engine.support.hierarchical.NodeTestTask.executeRecursively(NodeTestTask.java:122)","\tat org.junit.platform.engine.support.hierarchical.NodeTestTask.execute(NodeTestTask.java:80)","\tat org.junit.platform.engine.support.hierarchical.SameThreadHierarchicalTestExecutorService.submit(SameThreadHierarchicalTestExecutorService.java:32)","\tat org.junit.platform.engine.support.hierarchical.HierarchicalTestExecutor.execute(HierarchicalTestExecutor.java:57)","\tat org.junit.platform.engine.support.hierarchical.HierarchicalTestEngine.execute(HierarchicalTestEngine.java:51)","\tat org.junit.platform.launcher.core.DefaultLauncher.execute(DefaultLauncher.java:220)","\tat org.junit.platform.launcher.core.DefaultLauncher.lambda$execute$6(DefaultLauncher.java:188)","\tat org.junit.platform.launcher.core.DefaultLauncher.withInterceptedStreams(DefaultLauncher.java:202)","\tat org.junit.platform.launcher.core.DefaultLauncher.execute(DefaultLauncher.java:181)","\tat org.junit.platform.launcher.core.DefaultLauncher.execute(DefaultLauncher.java:128)","\tat org.apache.maven.surefire.junitplatform.JUnitPlatformProvider.invokeAllTests(JUnitPlatformProvider.java:150)","\tat org.apache.maven.surefire.junitplatform.JUnitPlatformProvider.invoke(JUnitPlatformProvider.java:124)","\tat org.apache.maven.surefire.booter.ForkedBooter.invokeProviderInSameClassLoader(ForkedBooter.java:384)","\tat org.apache.maven.surefire.booter.ForkedBooter.runSuitesInProcess(ForkedBooter.java:345)","\tat org.apache.maven.surefire.booter.ForkedBooter.execute(ForkedBooter.java:126)","\tat org.apache.maven.surefire.booter.ForkedBooter.main(ForkedBooter.java:418)","Caused by: org.springframework.beans.factory.UnsatisfiedDependencyException: Error creating bean with name 'ratingServiceClient' defined in file [/Users/i320726/Documents/GitHub/cloud-fun/bulletin-board/exercise-code-java/target/classes/com/sap/cc/bulletinboard/rating/RatingServiceClient.class]: Unsatisfied dependency expressed through constructor parameter 1; nested exception is org.springframework.beans.factory.BeanCreationException: Error creating bean with name 'baseUrlProvider': Injection of autowired dependencies failed; nested exception is java.lang.IllegalArgumentException: Could not resolve placeholder 'service.rating.url.base' in value \"${service.rating.url.base}\"","\tat org.springframework.beans.factory.support.ConstructorResolver.createArgumentArray(ConstructorResolver.java:797)","\tat org.springframework.beans.factory.support.ConstructorResolver.autowireConstructor(ConstructorResolver.java:227)","\tat org.springframework.beans.factory.support.AbstractAutowireCapableBeanFactory.autowireConstructor(AbstractAutowireCapableBeanFactory.java:1358)","\tat org.springframework.beans.factory.support.AbstractAutowireCapableBeanFactory.createBeanInstance(AbstractAutowireCapableBeanFactory.java:1204)","\tat org.springframework.beans.factory.support.AbstractAutowireCapableBeanFactory.doCreateBean(AbstractAutowireCapableBeanFactory.java:557)","\tat org.springframework.beans.factory.support.AbstractAutowireCapableBeanFactory.createBean(AbstractAutowireCapableBeanFactory.java:517)","\tat org.springframework.beans.factory.support.AbstractBeanFactory.lambda$doGetBean$0(AbstractBeanFactory.java:323)","\tat org.springframework.beans.factory.support.DefaultSingletonBeanRegistry.getSingleton(DefaultSingletonBeanRegistry.java:226)","\tat org.springframework.beans.factory.support.AbstractBeanFactory.doGetBean(AbstractBeanFactory.java:321)","\tat org.springframework.beans.factory.support.AbstractBeanFactory.getBean(AbstractBeanFactory.java:202)","\tat org.springframework.beans.factory.config.DependencyDescriptor.resolveCandidate(DependencyDescriptor.java:276)","\tat org.springframework.beans.factory.support.DefaultListableBeanFactory.doResolveDependency(DefaultListableBeanFactory.java:1304)","\tat org.springframework.beans.factory.support.DefaultListableBeanFactory.resolveDependency(DefaultListableBeanFactory.java:1224)","\tat org.springframework.beans.factory.annotation.AutowiredAnnotationBeanPostProcessor$AutowiredFieldElement.inject(AutowiredAnnotationBeanPostProcessor.java:640)","\t... 84 more","Caused by: org.springframework.beans.factory.BeanCreationException: Error creating bean with name 'baseUrlProvider': Injection of autowired dependencies failed; nested exception is java.lang.IllegalArgumentException: Could not resolve placeholder 'service.rating.url.base' in value \"${service.rating.url.base}\"","\tat org.springframework.beans.factory.annotation.AutowiredAnnotationBeanPostProcessor.postProcessProperties(AutowiredAnnotationBeanPostProcessor.java:405)","\tat org.springframework.beans.factory.support.AbstractAutowireCapableBeanFactory.populateBean(AbstractAutowireCapableBeanFactory.java:1422)","\tat org.springframework.beans.factory.support.AbstractAutowireCapableBeanFactory.doCreateBean(AbstractAutowireCapableBeanFactory.java:594)","\tat org.springframework.beans.factory.support.AbstractAutowireCapableBeanFactory.createBean(AbstractAutowireCapableBeanFactory.java:517)","\tat org.springframework.beans.factory.support.AbstractBeanFactory.lambda$doGetBean$0(AbstractBeanFactory.java:323)","\tat org.springframework.beans.factory.support.DefaultSingletonBeanRegistry.getSingleton(DefaultSingletonBeanRegistry.java:226)","\tat org.springframework.beans.factory.support.AbstractBeanFactory.doGetBean(AbstractBeanFactory.java:321)","\tat org.springframework.beans.factory.support.AbstractBeanFactory.getBean(AbstractBeanFactory.java:202)","\tat org.springframework.beans.factory.config.DependencyDescriptor.resolveCandidate(DependencyDescriptor.java:276)","\tat org.springframework.beans.factory.support.DefaultListableBeanFactory.doResolveDependency(DefaultListableBeanFactory.java:1304)","\tat org.springframework.beans.factory.support.DefaultListableBeanFactory.resolveDependency(DefaultListableBeanFactory.java:1224)","\tat org.springframework.beans.factory.support.ConstructorResolver.resolveAutowiredArgument(ConstructorResolver.java:884)","\tat org.springframework.beans.factory.support.ConstructorResolver.createArgumentArray(ConstructorResolver.java:788)","\t... 97 more","Caused by: java.lang.IllegalArgumentException: Could not resolve placeholder 'service.rating.url.base' in value \"${service.rating.url.base}\"","\tat org.springframework.util.PropertyPlaceholderHelper.parseStringValue(PropertyPlaceholderHelper.java:178)","\tat org.springframework.util.PropertyPlaceholderHelper.replacePlaceholders(PropertyPlaceholderHelper.java:124)","\tat org.springframework.core.env.AbstractPropertyResolver.doResolvePlaceholders(AbstractPropertyResolver.java:239)","\tat org.springframework.core.env.AbstractPropertyResolver.resolveRequiredPlaceholders(AbstractPropertyResolver.java:210)","\tat org.springframework.context.support.PropertySourcesPlaceholderConfigurer.lambda$processProperties$0(PropertySourcesPlaceholderConfigurer.java:175)","\tat org.springframework.beans.factory.support.AbstractBeanFactory.resolveEmbeddedValue(AbstractBeanFactory.java:912)","\tat org.springframework.beans.factory.support.DefaultListableBeanFactory.doResolveDependency(DefaultListableBeanFactory.java:1245)","\tat org.springframework.beans.factory.support.DefaultListableBeanFactory.resolveDependency(DefaultListableBeanFactory.java:1224)","\tat org.springframework.beans.factory.annotation.AutowiredAnnotationBeanPostProcessor$AutowiredFieldElement.inject(AutowiredAnnotationBeanPostProcessor.java:640)","\tat org.springframework.beans.factory.annotation.InjectionMetadata.inject(InjectionMetadata.java:130)","\tat org.springframework.beans.factory.annotation.AutowiredAnnotationBeanPostProcessor.postProcessProperties(AutowiredAnnotationBeanPostProcessor.java:399)","\t... 109 more"] }
{ "written_at":"2023-06-06T11:06:26.364Z","written_ts":1686049586364322000,"tenant_id":"-","component_id":"-","component_name":"-","organization_name":"-","component_type":"application","space_name":"-","component_instance":"0","organization_id":"-","correlation_id":"-","space_id":"-","container_id":"-","tenant_subdomain":"-","type":"log","logger":"org.springframework.test.context.TestContextManager","thread":"main","level":"ERROR","categories":[],"msg":"Caught exception while allowing TestExecutionListener [org.springframework.test.context.web.ServletTestExecutionListener@3bab95ca] to prepare test instance [com.sap.cc.bulletinboard.ads.AdvertisementControllerTest@2804b13f]","stacktrace":["java.lang.IllegalStateException: Failed to load ApplicationContext","\tat org.springframework.test.context.cache.DefaultCacheAwareContextLoaderDelegate.loadContext(DefaultCacheAwareContextLoaderDelegate.java:132)","\tat org.springframework.test.context.support.DefaultTestContext.getApplicationContext(DefaultTestContext.java:123)","\tat org.springframework.test.context.web.ServletTestExecutionListener.setUpRequestContextIfNecessary(ServletTestExecutionListener.java:190)","\tat org.springframework.test.context.web.ServletTestExecutionListener.prepareTestInstance(ServletTestExecutionListener.java:132)","\tat org.springframework.test.context.TestContextManager.prepareTestInstance(TestContextManager.java:244)","\tat org.springframework.test.context.junit.jupiter.SpringExtension.postProcessTestInstance(SpringExtension.java:98)","\tat org.junit.jupiter.engine.descriptor.ClassBasedTestDescriptor.lambda$invokeTestInstancePostProcessors$5(ClassBasedTestDescriptor.java:341)","\tat org.junit.jupiter.engine.descriptor.ClassBasedTestDescriptor.executeAndMaskThrowable(ClassBasedTestDescriptor.java:346)","\tat org.junit.jupiter.engine.descriptor.ClassBasedTestDescriptor.lambda$invokeTestInstancePostProcessors$6(ClassBasedTestDescriptor.java:341)","\tat java.base/java.util.stream.ReferencePipeline$3$1.accept(ReferencePipeline.java:195)","\tat java.base/java.util.stream.ReferencePipeline$2$1.accept(ReferencePipeline.java:177)","\tat java.base/java.util.ArrayList$ArrayListSpliterator.forEachRemaining(ArrayList.java:1655)","\tat java.base/java.util.stream.AbstractPipeline.copyInto(AbstractPipeline.java:484)","\tat java.base/java.util.stream.AbstractPipeline.wrapAndCopyInto(AbstractPipeline.java:474)","\tat java.base/java.util.stream.StreamSpliterators$WrappingSpliterator.forEachRemaining(StreamSpliterators.java:312)","\tat java.base/java.util.stream.Streams$ConcatSpliterator.forEachRemaining(Streams.java:735)","\tat java.base/java.util.stream.Streams$ConcatSpliterator.forEachRemaining(Streams.java:734)","\tat java.base/java.util.stream.ReferencePipeline$Head.forEach(ReferencePipeline.java:658)","\tat org.junit.jupiter.engine.descriptor.ClassBasedTestDescriptor.invokeTestInstancePostProcessors(ClassBasedTestDescriptor.java:340)","\tat org.junit.jupiter.engine.descriptor.ClassBasedTestDescriptor.instantiateAndPostProcessTestInstance(ClassBasedTestDescriptor.java:263)","\tat org.junit.jupiter.engine.descriptor.ClassBasedTestDescriptor.lambda$testInstancesProvider$2(ClassBasedTestDescriptor.java:256)","\tat java.base/java.util.Optional.orElseGet(Optional.java:369)","\tat org.junit.jupiter.engine.descriptor.ClassBasedTestDescriptor.lambda$testInstancesProvider$3(ClassBasedTestDescriptor.java:255)","\tat org.junit.jupiter.engine.execution.TestInstancesProvider.getTestInstances(TestInstancesProvider.java:29)","\tat org.junit.jupiter.engine.descriptor.TestMethodTestDescriptor.lambda$prepare$0(TestMethodTestDescriptor.java:108)","\tat org.junit.platform.engine.support.hierarchical.ThrowableCollector.execute(ThrowableCollector.java:73)","\tat org.junit.jupiter.engine.descriptor.TestMethodTestDescriptor.prepare(TestMethodTestDescriptor.java:107)","\tat org.junit.jupiter.engine.descriptor.TestMethodTestDescriptor.prepare(TestMethodTestDescriptor.java:71)","\tat org.junit.platform.engine.support.hierarchical.NodeTestTask.lambda$prepare$1(NodeTestTask.java:107)","\tat org.junit.platform.engine.support.hierarchical.ThrowableCollector.execute(ThrowableCollector.java:73)","\tat org.junit.platform.engine.support.hierarchical.NodeTestTask.prepare(NodeTestTask.java:107)","\tat org.junit.platform.engine.support.hierarchical.NodeTestTask.execute(NodeTestTask.java:75)","\tat java.base/java.util.ArrayList.forEach(ArrayList.java:1541)","\tat org.junit.platform.engine.support.hierarchical.SameThreadHierarchicalTestExecutorService.invokeAll(SameThreadHierarchicalTestExecutorService.java:38)","\tat org.junit.platform.engine.support.hierarchical.NodeTestTask.lambda$executeRecursively$5(NodeTestTask.java:139)","\tat org.junit.platform.engine.support.hierarchical.ThrowableCollector.execute(ThrowableCollector.java:73)","\tat org.junit.platform.engine.support.hierarchical.NodeTestTask.lambda$executeRecursively$7(NodeTestTask.java:125)","\tat org.junit.platform.engine.support.hierarchical.Node.around(Node.java:135)","\tat org.junit.platform.engine.support.hierarchical.NodeTestTask.lambda$executeRecursively$8(NodeTestTask.java:123)","\tat org.junit.platform.engine.support.hierarchical.ThrowableCollector.execute(ThrowableCollector.java:73)","\tat org.junit.platform.engine.support.hierarchical.NodeTestTask.executeRecursively(NodeTestTask.java:122)","\tat org.junit.platform.engine.support.hierarchical.NodeTestTask.execute(NodeTestTask.java:80)","\tat java.base/java.util.ArrayList.forEach(ArrayList.java:1541)","\tat org.junit.platform.engine.support.hierarchical.SameThreadHierarchicalTestExecutorService.invokeAll(SameThreadHierarchicalTestExecutorService.java:38)","\tat org.junit.platform.engine.support.hierarchical.NodeTestTask.lambda$executeRecursively$5(NodeTestTask.java:139)","\tat org.junit.platform.engine.support.hierarchical.ThrowableCollector.execute(ThrowableCollector.java:73)","\tat org.junit.platform.engine.support.hierarchical.NodeTestTask.lambda$executeRecursively$7(NodeTestTask.java:125)","\tat org.junit.platform.engine.support.hierarchical.Node.around(Node.java:135)","\tat org.junit.platform.engine.support.hierarchical.NodeTestTask.lambda$executeRecursively$8(NodeTestTask.java:123)","\tat org.junit.platform.engine.support.hierarchical.ThrowableCollector.execute(ThrowableCollector.java:73)","\tat org.junit.platform.engine.support.hierarchical.NodeTestTask.executeRecursively(NodeTestTask.java:122)","\tat org.junit.platform.engine.support.hierarchical.NodeTestTask.execute(NodeTestTask.java:80)","\tat org.junit.platform.engine.support.hierarchical.SameThreadHierarchicalTestExecutorService.submit(SameThreadHierarchicalTestExecutorService.java:32)","\tat org.junit.platform.engine.support.hierarchical.HierarchicalTestExecutor.execute(HierarchicalTestExecutor.java:57)","\tat org.junit.platform.engine.support.hierarchical.HierarchicalTestEngine.execute(HierarchicalTestEngine.java:51)","\tat org.junit.platform.launcher.core.DefaultLauncher.execute(DefaultLauncher.java:220)","\tat org.junit.platform.launcher.core.DefaultLauncher.lambda$execute$6(DefaultLauncher.java:188)","\tat org.junit.platform.launcher.core.DefaultLauncher.withInterceptedStreams(DefaultLauncher.java:202)","\tat org.junit.platform.launcher.core.DefaultLauncher.execute(DefaultLauncher.java:181)","\tat org.junit.platform.launcher.core.DefaultLauncher.execute(DefaultLauncher.java:128)","\tat org.apache.maven.surefire.junitplatform.JUnitPlatformProvider.invokeAllTests(JUnitPlatformProvider.java:150)","\tat org.apache.maven.surefire.junitplatform.JUnitPlatformProvider.invoke(JUnitPlatformProvider.java:124)","\tat org.apache.maven.surefire.booter.ForkedBooter.invokeProviderInSameClassLoader(ForkedBooter.java:384)","\tat org.apache.maven.surefire.booter.ForkedBooter.runSuitesInProcess(ForkedBooter.java:345)","\tat org.apache.maven.surefire.booter.ForkedBooter.execute(ForkedBooter.java:126)","\tat org.apache.maven.surefire.booter.ForkedBooter.main(ForkedBooter.java:418)","Caused by: org.springframework.beans.factory.UnsatisfiedDependencyException: Error creating bean with name 'advertisementController': Unsatisfied dependency expressed through field 'ratingServiceClient'; nested exception is org.springframework.beans.factory.UnsatisfiedDependencyException: Error creating bean with name 'ratingServiceClient' defined in file [/Users/i320726/Documents/GitHub/cloud-fun/bulletin-board/exercise-code-java/target/classes/com/sap/cc/bulletinboard/rating/RatingServiceClient.class]: Unsatisfied dependency expressed through constructor parameter 1; nested exception is org.springframework.beans.factory.BeanCreationException: Error creating bean with name 'baseUrlProvider': Injection of autowired dependencies failed; nested exception is java.lang.IllegalArgumentException: Could not resolve placeholder 'service.rating.url.base' in value \"${service.rating.url.base}\"","\tat org.springframework.beans.factory.annotation.AutowiredAnnotationBeanPostProcessor$AutowiredFieldElement.inject(AutowiredAnnotationBeanPostProcessor.java:643)","\tat org.springframework.beans.factory.annotation.InjectionMetadata.inject(InjectionMetadata.java:130)","\tat org.springframework.beans.factory.annotation.AutowiredAnnotationBeanPostProcessor.postProcessProperties(AutowiredAnnotationBeanPostProcessor.java:399)","\tat org.springframework.beans.factory.support.AbstractAutowireCapableBeanFactory.populateBean(AbstractAutowireCapableBeanFactory.java:1422)","\tat org.springframework.beans.factory.support.AbstractAutowireCapableBeanFactory.doCreateBean(AbstractAutowireCapableBeanFactory.java:594)","\tat org.springframework.beans.factory.support.AbstractAutowireCapableBeanFactory.createBean(AbstractAutowireCapableBeanFactory.java:517)","\tat org.springframework.beans.factory.support.AbstractBeanFactory.lambda$doGetBean$0(AbstractBeanFactory.java:323)","\tat org.springframework.beans.factory.support.DefaultSingletonBeanRegistry.getSingleton(DefaultSingletonBeanRegistry.java:226)","\tat org.springframework.beans.factory.support.AbstractBeanFactory.doGetBean(AbstractBeanFactory.java:321)","\tat org.springframework.beans.factory.support.AbstractBeanFactory.getBean(AbstractBeanFactory.java:202)","\tat org.springframework.beans.factory.support.DefaultListableBeanFactory.preInstantiateSingletons(DefaultListableBeanFactory.java:893)","\tat org.springframework.context.support.AbstractApplicationContext.finishBeanFactoryInitialization(AbstractApplicationContext.java:879)","\tat org.springframework.context.support.AbstractApplicationContext.refresh(AbstractApplicationContext.java:551)","\tat org.springframework.boot.SpringApplication.refresh(SpringApplication.java:758)","\tat org.springframework.boot.SpringApplication.refresh(SpringApplication.java:750)","\tat org.springframework.boot.SpringApplication.refreshContext(SpringApplication.java:397)","\tat org.springframework.boot.SpringApplication.run(SpringApplication.java:315)","\tat org.springframework.boot.test.context.SpringBootContextLoader.loadContext(SpringBootContextLoader.java:120)","\tat org.springframework.test.context.cache.DefaultCacheAwareContextLoaderDelegate.loadContextInternal(DefaultCacheAwareContextLoaderDelegate.java:99)","\tat org.springframework.test.context.cache.DefaultCacheAwareContextLoaderDelegate.loadContext(DefaultCacheAwareContextLoaderDelegate.java:124)","\t... 65 more","Caused by: org.springframework.beans.factory.UnsatisfiedDependencyException: Error creating bean with name 'ratingServiceClient' defined in file [/Users/i320726/Documents/GitHub/cloud-fun/bulletin-board/exercise-code-java/target/classes/com/sap/cc/bulletinboard/rating/RatingServiceClient.class]: Unsatisfied dependency expressed through constructor parameter 1; nested exception is org.springframework.beans.factory.BeanCreationException: Error creating bean with name 'baseUrlProvider': Injection of autowired dependencies failed; nested exception is java.lang.IllegalArgumentException: Could not resolve placeholder 'service.rating.url.base' in value \"${service.rating.url.base}\"","\tat org.springframework.beans.factory.support.ConstructorResolver.createArgumentArray(ConstructorResolver.java:797)","\tat org.springframework.beans.factory.support.ConstructorResolver.autowireConstructor(ConstructorResolver.java:227)","\tat org.springframework.beans.factory.support.AbstractAutowireCapableBeanFactory.autowireConstructor(AbstractAutowireCapableBeanFactory.java:1358)","\tat org.springframework.beans.factory.support.AbstractAutowireCapableBeanFactory.createBeanInstance(AbstractAutowireCapableBeanFactory.java:1204)","\tat org.springframework.beans.factory.support.AbstractAutowireCapableBeanFactory.doCreateBean(AbstractAutowireCapableBeanFactory.java:557)","\tat org.springframework.beans.factory.support.AbstractAutowireCapableBeanFactory.createBean(AbstractAutowireCapableBeanFactory.java:517)","\tat org.springframework.beans.factory.support.AbstractBeanFactory.lambda$doGetBean$0(AbstractBeanFactory.java:323)","\tat org.springframework.beans.factory.support.DefaultSingletonBeanRegistry.getSingleton(DefaultSingletonBeanRegistry.java:226)","\tat org.springframework.beans.factory.support.AbstractBeanFactory.doGetBean(AbstractBeanFactory.java:321)","\tat org.springframework.beans.factory.support.AbstractBeanFactory.getBean(AbstractBeanFactory.java:202)","\tat org.springframework.beans.factory.config.DependencyDescriptor.resolveCandidate(DependencyDescriptor.java:276)","\tat org.springframework.beans.factory.support.DefaultListableBeanFactory.doResolveDependency(DefaultListableBeanFactory.java:1304)","\tat org.springframework.beans.factory.support.DefaultListableBeanFactory.resolveDependency(DefaultListableBeanFactory.java:1224)","\tat org.springframework.beans.factory.annotation.AutowiredAnnotationBeanPostProcessor$AutowiredFieldElement.inject(AutowiredAnnotationBeanPostProcessor.java:640)","\t... 84 more","Caused by: org.springframework.beans.factory.BeanCreationException: Error creating bean with name 'baseUrlProvider': Injection of autowired dependencies failed; nested exception is java.lang.IllegalArgumentException: Could not resolve placeholder 'service.rating.url.base' in value \"${service.rating.url.base}\"","\tat org.springframework.beans.factory.annotation.AutowiredAnnotationBeanPostProcessor.postProcessProperties(AutowiredAnnotationBeanPostProcessor.java:405)","\tat org.springframework.beans.factory.support.AbstractAutowireCapableBeanFactory.populateBean(AbstractAutowireCapableBeanFactory.java:1422)","\tat org.springframework.beans.factory.support.AbstractAutowireCapableBeanFactory.doCreateBean(AbstractAutowireCapableBeanFactory.java:594)","\tat org.springframework.beans.factory.support.AbstractAutowireCapableBeanFactory.createBean(AbstractAutowireCapableBeanFactory.java:517)","\tat org.springframework.beans.factory.support.AbstractBeanFactory.lambda$doGetBean$0(AbstractBeanFactory.java:323)","\tat org.springframework.beans.factory.support.DefaultSingletonBeanRegistry.getSingleton(DefaultSingletonBeanRegistry.java:226)","\tat org.springframework.beans.factory.support.AbstractBeanFactory.doGetBean(AbstractBeanFactory.java:321)","\tat org.springframework.beans.factory.support.AbstractBeanFactory.getBean(AbstractBeanFactory.java:202)","\tat org.springframework.beans.factory.config.DependencyDescriptor.resolveCandidate(DependencyDescriptor.java:276)","\tat org.springframework.beans.factory.support.DefaultListableBeanFactory.doResolveDependency(DefaultListableBeanFactory.java:1304)","\tat org.springframework.beans.factory.support.DefaultListableBeanFactory.resolveDependency(DefaultListableBeanFactory.java:1224)","\tat org.springframework.beans.factory.support.ConstructorResolver.resolveAutowiredArgument(ConstructorResolver.java:884)","\tat org.springframework.beans.factory.support.ConstructorResolver.createArgumentArray(ConstructorResolver.java:788)","\t... 97 more","Caused by: java.lang.IllegalArgumentException: Could not resolve placeholder 'service.rating.url.base' in value \"${service.rating.url.base}\"","\tat org.springframework.util.PropertyPlaceholderHelper.parseStringValue(PropertyPlaceholderHelper.java:178)","\tat org.springframework.util.PropertyPlaceholderHelper.replacePlaceholders(PropertyPlaceholderHelper.java:124)","\tat org.springframework.core.env.AbstractPropertyResolver.doResolvePlaceholders(AbstractPropertyResolver.java:239)","\tat org.springframework.core.env.AbstractPropertyResolver.resolveRequiredPlaceholders(AbstractPropertyResolver.java:210)","\tat org.springframework.context.support.PropertySourcesPlaceholderConfigurer.lambda$processProperties$0(PropertySourcesPlaceholderConfigurer.java:175)","\tat org.springframework.beans.factory.support.AbstractBeanFactory.resolveEmbeddedValue(AbstractBeanFactory.java:912)","\tat org.springframework.beans.factory.support.DefaultListableBeanFactory.doResolveDependency(DefaultListableBeanFactory.java:1245)","\tat org.springframework.beans.factory.support.DefaultListableBeanFactory.resolveDependency(DefaultListableBeanFactory.java:1224)","\tat org.springframework.beans.factory.annotation.AutowiredAnnotationBeanPostProcessor$AutowiredFieldElement.inject(AutowiredAnnotationBeanPostProcessor.java:640)","\tat org.springframework.beans.factory.annotation.InjectionMetadata.inject(InjectionMetadata.java:130)","\tat org.springframework.beans.factory.annotation.AutowiredAnnotationBeanPostProcessor.postProcessProperties(AutowiredAnnotationBeanPostProcessor.java:399)","\t... 109 more"] }
]]></system-out>
  </testcase>
  <testcase name="getById" classname="com.sap.cc.bulletinboard.ads.AdvertisementControllerTest" time="0">
    <error message="Failed to load ApplicationContext" type="java.lang.IllegalStateException">java.lang.IllegalStateException: Failed to load ApplicationContext
Caused by: org.springframework.beans.factory.UnsatisfiedDependencyException: Error creating bean with name 'advertisementController': Unsatisfied dependency expressed through field 'ratingServiceClient'; nested exception is org.springframework.beans.factory.UnsatisfiedDependencyException: Error creating bean with name 'ratingServiceClient' defined in file [/Users/i320726/Documents/GitHub/cloud-fun/bulletin-board/exercise-code-java/target/classes/com/sap/cc/bulletinboard/rating/RatingServiceClient.class]: Unsatisfied dependency expressed through constructor parameter 1; nested exception is org.springframework.beans.factory.BeanCreationException: Error creating bean with name 'baseUrlProvider': Injection of autowired dependencies failed; nested exception is java.lang.IllegalArgumentException: Could not resolve placeholder 'service.rating.url.base' in value "${service.rating.url.base}"
Caused by: org.springframework.beans.factory.UnsatisfiedDependencyException: Error creating bean with name 'ratingServiceClient' defined in file [/Users/i320726/Documents/GitHub/cloud-fun/bulletin-board/exercise-code-java/target/classes/com/sap/cc/bulletinboard/rating/RatingServiceClient.class]: Unsatisfied dependency expressed through constructor parameter 1; nested exception is org.springframework.beans.factory.BeanCreationException: Error creating bean with name 'baseUrlProvider': Injection of autowired dependencies failed; nested exception is java.lang.IllegalArgumentException: Could not resolve placeholder 'service.rating.url.base' in value "${service.rating.url.base}"
Caused by: org.springframework.beans.factory.BeanCreationException: Error creating bean with name 'baseUrlProvider': Injection of autowired dependencies failed; nested exception is java.lang.IllegalArgumentException: Could not resolve placeholder 'service.rating.url.base' in value "${service.rating.url.base}"
Caused by: java.lang.IllegalArgumentException: Could not resolve placeholder 'service.rating.url.base' in value "${service.rating.url.base}"
</error>
    <system-out><![CDATA[
  .   ____          _            __ _ _
 /\\ / ___'_ __ _ _(_)_ __  __ _ \ \ \ \
( ( )\___ | '_ | '_| | '_ \/ _` | \ \ \ \
 \\/  ___)| |_)| | | | | || (_| |  ) ) ) )
  '  |____| .__|_| |_|_| |_\__, | / / / /
 =========|_|==============|___/=/_/_/_/
 :: Spring Boot ::        (v2.3.1.RELEASE)

{ "written_at":"2023-06-06T11:06:26.375Z","written_ts":1686049586375362000,"tenant_id":"-","component_id":"-","component_name":"-","organization_name":"-","component_type":"application","space_name":"-","component_instance":"0","organization_id":"-","correlation_id":"-","space_id":"-","container_id":"-","tenant_subdomain":"-","type":"log","logger":"com.sap.cc.bulletinboard.ads.AdvertisementControllerTest","thread":"main","level":"INFO","categories":[],"msg":"Starting AdvertisementControllerTest on M25MFJL74M with PID 33131 (started by i320726 in /Users/i320726/Documents/GitHub/cloud-fun/bulletin-board/exercise-code-java)" }
{ "written_at":"2023-06-06T11:06:26.375Z","written_ts":1686049586375564000,"tenant_id":"-","component_id":"-","component_name":"-","organization_name":"-","component_type":"application","space_name":"-","component_instance":"0","organization_id":"-","correlation_id":"-","space_id":"-","container_id":"-","tenant_subdomain":"-","type":"log","logger":"com.sap.cc.bulletinboard.ads.AdvertisementControllerTest","thread":"main","level":"INFO","categories":[],"msg":"No active profile set, falling back to default profiles: default" }
{ "written_at":"2023-06-06T11:06:26.462Z","written_ts":1686049586462243000,"tenant_id":"-","component_id":"-","component_name":"-","organization_name":"-","component_type":"application","space_name":"-","component_instance":"0","organization_id":"-","correlation_id":"-","space_id":"-","container_id":"-","tenant_subdomain":"-","type":"log","logger":"org.springframework.data.repository.config.RepositoryConfigurationDelegate","thread":"main","level":"INFO","categories":[],"msg":"Bootstrapping Spring Data JPA repositories in DEFERRED mode." }
{ "written_at":"2023-06-06T11:06:26.466Z","written_ts":1686049586466562000,"tenant_id":"-","component_id":"-","component_name":"-","organization_name":"-","component_type":"application","space_name":"-","component_instance":"0","organization_id":"-","correlation_id":"-","space_id":"-","container_id":"-","tenant_subdomain":"-","type":"log","logger":"org.springframework.data.repository.config.RepositoryConfigurationDelegate","thread":"main","level":"INFO","categories":[],"msg":"Finished Spring Data repository scanning in 4ms. Found 1 JPA repository interfaces." }
{ "written_at":"2023-06-06T11:06:26.504Z","written_ts":1686049586504196000,"tenant_id":"-","component_id":"-","component_name":"-","organization_name":"-","component_type":"application","space_name":"-","component_instance":"0","organization_id":"-","correlation_id":"-","space_id":"-","container_id":"-","tenant_subdomain":"-","type":"log","logger":"org.springframework.scheduling.concurrent.ThreadPoolTaskExecutor","thread":"main","level":"INFO","categories":[],"msg":"Initializing ExecutorService 'applicationTaskExecutor'" }
{ "written_at":"2023-06-06T11:06:26.513Z","written_ts":1686049586513434000,"tenant_id":"-","component_type":"application","component_id":"-","space_name":"-","component_name":"-","component_instance":"0","organization_id":"-","correlation_id":"-","organization_name":"-","space_id":"-","container_id":"-","tenant_subdomain":"-","type":"log","logger":"org.hibernate.jpa.internal.util.LogHelper","thread":"task-1","level":"INFO","categories":[],"msg":"HHH000204: Processing PersistenceUnitInfo [name: default]" }
{ "written_at":"2023-06-06T11:06:26.515Z","written_ts":1686049586515578000,"tenant_id":"-","component_id":"-","component_name":"-","organization_name":"-","component_type":"application","space_name":"-","component_instance":"0","organization_id":"-","correlation_id":"-","space_id":"-","container_id":"-","tenant_subdomain":"-","type":"log","logger":"com.zaxxer.hikari.HikariDataSource","thread":"task-1","level":"INFO","categories":[],"msg":"HikariPool-7 - Starting..." }
{ "written_at":"2023-06-06T11:06:26.516Z","written_ts":1686049586516115000,"tenant_id":"-","component_id":"-","component_name":"-","organization_name":"-","component_type":"application","space_name":"-","component_instance":"0","organization_id":"-","correlation_id":"-","space_id":"-","container_id":"-","tenant_subdomain":"-","type":"log","logger":"org.springframework.web.context.support.GenericWebApplicationContext","thread":"main","level":"WARN","categories":[],"msg":"Exception encountered during context initialization - cancelling refresh attempt: org.springframework.beans.factory.UnsatisfiedDependencyException: Error creating bean with name 'advertisementController': Unsatisfied dependency expressed through field 'ratingServiceClient'; nested exception is org.springframework.beans.factory.UnsatisfiedDependencyException: Error creating bean with name 'ratingServiceClient' defined in file [/Users/i320726/Documents/GitHub/cloud-fun/bulletin-board/exercise-code-java/target/classes/com/sap/cc/bulletinboard/rating/RatingServiceClient.class]: Unsatisfied dependency expressed through constructor parameter 1; nested exception is org.springframework.beans.factory.BeanCreationException: Error creating bean with name 'baseUrlProvider': Injection of autowired dependencies failed; nested exception is java.lang.IllegalArgumentException: Could not resolve placeholder 'service.rating.url.base' in value \"${service.rating.url.base}\"" }
{ "written_at":"2023-06-06T11:06:26.516Z","written_ts":1686049586516207000,"tenant_id":"-","component_id":"-","component_name":"-","organization_name":"-","component_type":"application","space_name":"-","component_instance":"0","organization_id":"-","correlation_id":"-","space_id":"-","container_id":"-","tenant_subdomain":"-","type":"log","logger":"org.springframework.orm.jpa.LocalContainerEntityManagerFactoryBean","thread":"main","level":"INFO","categories":[],"msg":"Closing JPA EntityManagerFactory for persistence unit 'default'" }
{ "written_at":"2023-06-06T11:06:26.519Z","written_ts":1686049586519358000,"tenant_id":"-","component_id":"-","component_name":"-","organization_name":"-","component_type":"application","space_name":"-","component_instance":"0","organization_id":"-","correlation_id":"-","space_id":"-","container_id":"-","tenant_subdomain":"-","type":"log","logger":"com.zaxxer.hikari.HikariDataSource","thread":"task-1","level":"INFO","categories":[],"msg":"HikariPool-7 - Start completed." }
{ "written_at":"2023-06-06T11:06:26.519Z","written_ts":1686049586519504000,"tenant_id":"-","component_id":"-","component_name":"-","organization_name":"-","component_type":"application","space_name":"-","component_instance":"0","organization_id":"-","correlation_id":"-","space_id":"-","container_id":"-","tenant_subdomain":"-","type":"log","logger":"org.hibernate.dialect.Dialect","thread":"task-1","level":"INFO","categories":[],"msg":"HHH000400: Using dialect: org.hibernate.dialect.H2Dialect" }
{ "written_at":"2023-06-06T11:06:26.532Z","written_ts":1686049586532347000,"tenant_id":"-","component_id":"-","component_name":"-","organization_name":"-","component_type":"application","space_name":"-","component_instance":"0","organization_id":"-","correlation_id":"-","space_id":"-","container_id":"-","tenant_subdomain":"-","type":"log","logger":"org.hibernate.engine.transaction.jta.platform.internal.JtaPlatformInitiator","thread":"task-1","level":"INFO","categories":[],"msg":"HHH000490: Using JtaPlatform implementation: [org.hibernate.engine.transaction.jta.platform.internal.NoJtaPlatform]" }
{ "written_at":"2023-06-06T11:06:26.532Z","written_ts":1686049586532592000,"tenant_id":"-","component_id":"-","component_name":"-","organization_name":"-","component_type":"application","space_name":"-","component_instance":"0","organization_id":"-","correlation_id":"-","space_id":"-","container_id":"-","tenant_subdomain":"-","type":"log","logger":"org.springframework.orm.jpa.LocalContainerEntityManagerFactoryBean","thread":"task-1","level":"INFO","categories":[],"msg":"Initialized JPA EntityManagerFactory for persistence unit 'default'" }
{ "written_at":"2023-06-06T11:06:26.533Z","written_ts":1686049586533168000,"tenant_id":"-","component_id":"-","component_name":"-","organization_name":"-","component_type":"application","space_name":"-","component_instance":"0","organization_id":"-","correlation_id":"-","space_id":"-","container_id":"-","tenant_subdomain":"-","type":"log","logger":"org.springframework.scheduling.concurrent.ThreadPoolTaskExecutor","thread":"main","level":"INFO","categories":[],"msg":"Shutting down ExecutorService 'applicationTaskExecutor'" }
{ "written_at":"2023-06-06T11:06:26.533Z","written_ts":1686049586533263000,"tenant_id":"-","component_id":"-","component_name":"-","organization_name":"-","component_type":"application","space_name":"-","component_instance":"0","organization_id":"-","correlation_id":"-","space_id":"-","container_id":"-","tenant_subdomain":"-","type":"log","logger":"com.zaxxer.hikari.HikariDataSource","thread":"main","level":"INFO","categories":[],"msg":"HikariPool-7 - Shutdown initiated..." }
{ "written_at":"2023-06-06T11:06:26.575Z","written_ts":1686049586575175000,"tenant_id":"-","component_id":"-","component_name":"-","organization_name":"-","component_type":"application","space_name":"-","component_instance":"0","organization_id":"-","correlation_id":"-","space_id":"-","container_id":"-","tenant_subdomain":"-","type":"log","logger":"com.zaxxer.hikari.HikariDataSource","thread":"main","level":"INFO","categories":[],"msg":"HikariPool-7 - Shutdown completed." }
{ "written_at":"2023-06-06T11:06:26.576Z","written_ts":1686049586576482000,"tenant_id":"-","component_id":"-","component_name":"-","organization_name":"-","component_type":"application","space_name":"-","component_instance":"0","organization_id":"-","correlation_id":"-","space_id":"-","container_id":"-","tenant_subdomain":"-","type":"log","logger":"org.springframework.boot.autoconfigure.logging.ConditionEvaluationReportLoggingListener","thread":"main","level":"INFO","categories":[],"msg":"\n\nError starting ApplicationContext. To display the conditions report re-run your application with 'debug' enabled." }
{ "written_at":"2023-06-06T11:06:26.576Z","written_ts":1686049586576902000,"tenant_id":"-","component_id":"-","component_name":"-","organization_name":"-","component_type":"application","space_name":"-","component_instance":"0","organization_id":"-","correlation_id":"-","space_id":"-","container_id":"-","tenant_subdomain":"-","type":"log","logger":"org.springframework.boot.SpringApplication","thread":"main","level":"ERROR","categories":[],"msg":"Application run failed","stacktrace":["org.springframework.beans.factory.UnsatisfiedDependencyException: Error creating bean with name 'advertisementController': Unsatisfied dependency expressed through field 'ratingServiceClient'; nested exception is org.springframework.beans.factory.UnsatisfiedDependencyException: Error creating bean with name 'ratingServiceClient' defined in file [/Users/i320726/Documents/GitHub/cloud-fun/bulletin-board/exercise-code-java/target/classes/com/sap/cc/bulletinboard/rating/RatingServiceClient.class]: Unsatisfied dependency expressed through constructor parameter 1; nested exception is org.springframework.beans.factory.BeanCreationException: Error creating bean with name 'baseUrlProvider': Injection of autowired dependencies failed; nested exception is java.lang.IllegalArgumentException: Could not resolve placeholder 'service.rating.url.base' in value \"${service.rating.url.base}\"","\tat org.springframework.beans.factory.annotation.AutowiredAnnotationBeanPostProcessor$AutowiredFieldElement.inject(AutowiredAnnotationBeanPostProcessor.java:643)","\tat org.springframework.beans.factory.annotation.InjectionMetadata.inject(InjectionMetadata.java:130)","\tat org.springframework.beans.factory.annotation.AutowiredAnnotationBeanPostProcessor.postProcessProperties(AutowiredAnnotationBeanPostProcessor.java:399)","\tat org.springframework.beans.factory.support.AbstractAutowireCapableBeanFactory.populateBean(AbstractAutowireCapableBeanFactory.java:1422)","\tat org.springframework.beans.factory.support.AbstractAutowireCapableBeanFactory.doCreateBean(AbstractAutowireCapableBeanFactory.java:594)","\tat org.springframework.beans.factory.support.AbstractAutowireCapableBeanFactory.createBean(AbstractAutowireCapableBeanFactory.java:517)","\tat org.springframework.beans.factory.support.AbstractBeanFactory.lambda$doGetBean$0(AbstractBeanFactory.java:323)","\tat org.springframework.beans.factory.support.DefaultSingletonBeanRegistry.getSingleton(DefaultSingletonBeanRegistry.java:226)","\tat org.springframework.beans.factory.support.AbstractBeanFactory.doGetBean(AbstractBeanFactory.java:321)","\tat org.springframework.beans.factory.support.AbstractBeanFactory.getBean(AbstractBeanFactory.java:202)","\tat org.springframework.beans.factory.support.DefaultListableBeanFactory.preInstantiateSingletons(DefaultListableBeanFactory.java:893)","\tat org.springframework.context.support.AbstractApplicationContext.finishBeanFactoryInitialization(AbstractApplicationContext.java:879)","\tat org.springframework.context.support.AbstractApplicationContext.refresh(AbstractApplicationContext.java:551)","\tat org.springframework.boot.SpringApplication.refresh(SpringApplication.java:758)","\tat org.springframework.boot.SpringApplication.refresh(SpringApplication.java:750)","\tat org.springframework.boot.SpringApplication.refreshContext(SpringApplication.java:397)","\tat org.springframework.boot.SpringApplication.run(SpringApplication.java:315)","\tat org.springframework.boot.test.context.SpringBootContextLoader.loadContext(SpringBootContextLoader.java:120)","\tat org.springframework.test.context.cache.DefaultCacheAwareContextLoaderDelegate.loadContextInternal(DefaultCacheAwareContextLoaderDelegate.java:99)","\tat org.springframework.test.context.cache.DefaultCacheAwareContextLoaderDelegate.loadContext(DefaultCacheAwareContextLoaderDelegate.java:124)","\tat org.springframework.test.context.support.DefaultTestContext.getApplicationContext(DefaultTestContext.java:123)","\tat org.springframework.test.context.web.ServletTestExecutionListener.setUpRequestContextIfNecessary(ServletTestExecutionListener.java:190)","\tat org.springframework.test.context.web.ServletTestExecutionListener.prepareTestInstance(ServletTestExecutionListener.java:132)","\tat org.springframework.test.context.TestContextManager.prepareTestInstance(TestContextManager.java:244)","\tat org.springframework.test.context.junit.jupiter.SpringExtension.postProcessTestInstance(SpringExtension.java:98)","\tat org.junit.jupiter.engine.descriptor.ClassBasedTestDescriptor.lambda$invokeTestInstancePostProcessors$5(ClassBasedTestDescriptor.java:341)","\tat org.junit.jupiter.engine.descriptor.ClassBasedTestDescriptor.executeAndMaskThrowable(ClassBasedTestDescriptor.java:346)","\tat org.junit.jupiter.engine.descriptor.ClassBasedTestDescriptor.lambda$invokeTestInstancePostProcessors$6(ClassBasedTestDescriptor.java:341)","\tat java.base/java.util.stream.ReferencePipeline$3$1.accept(ReferencePipeline.java:195)","\tat java.base/java.util.stream.ReferencePipeline$2$1.accept(ReferencePipeline.java:177)","\tat java.base/java.util.ArrayList$ArrayListSpliterator.forEachRemaining(ArrayList.java:1655)","\tat java.base/java.util.stream.AbstractPipeline.copyInto(AbstractPipeline.java:484)","\tat java.base/java.util.stream.AbstractPipeline.wrapAndCopyInto(AbstractPipeline.java:474)","\tat java.base/java.util.stream.StreamSpliterators$WrappingSpliterator.forEachRemaining(StreamSpliterators.java:312)","\tat java.base/java.util.stream.Streams$ConcatSpliterator.forEachRemaining(Streams.java:735)","\tat java.base/java.util.stream.Streams$ConcatSpliterator.forEachRemaining(Streams.java:734)","\tat java.base/java.util.stream.ReferencePipeline$Head.forEach(ReferencePipeline.java:658)","\tat org.junit.jupiter.engine.descriptor.ClassBasedTestDescriptor.invokeTestInstancePostProcessors(ClassBasedTestDescriptor.java:340)","\tat org.junit.jupiter.engine.descriptor.ClassBasedTestDescriptor.instantiateAndPostProcessTestInstance(ClassBasedTestDescriptor.java:263)","\tat org.junit.jupiter.engine.descriptor.ClassBasedTestDescriptor.lambda$testInstancesProvider$2(ClassBasedTestDescriptor.java:256)","\tat java.base/java.util.Optional.orElseGet(Optional.java:369)","\tat org.junit.jupiter.engine.descriptor.ClassBasedTestDescriptor.lambda$testInstancesProvider$3(ClassBasedTestDescriptor.java:255)","\tat org.junit.jupiter.engine.execution.TestInstancesProvider.getTestInstances(TestInstancesProvider.java:29)","\tat org.junit.jupiter.engine.descriptor.TestMethodTestDescriptor.lambda$prepare$0(TestMethodTestDescriptor.java:108)","\tat org.junit.platform.engine.support.hierarchical.ThrowableCollector.execute(ThrowableCollector.java:73)","\tat org.junit.jupiter.engine.descriptor.TestMethodTestDescriptor.prepare(TestMethodTestDescriptor.java:107)","\tat org.junit.jupiter.engine.descriptor.TestMethodTestDescriptor.prepare(TestMethodTestDescriptor.java:71)","\tat org.junit.platform.engine.support.hierarchical.NodeTestTask.lambda$prepare$1(NodeTestTask.java:107)","\tat org.junit.platform.engine.support.hierarchical.ThrowableCollector.execute(ThrowableCollector.java:73)","\tat org.junit.platform.engine.support.hierarchical.NodeTestTask.prepare(NodeTestTask.java:107)","\tat org.junit.platform.engine.support.hierarchical.NodeTestTask.execute(NodeTestTask.java:75)","\tat java.base/java.util.ArrayList.forEach(ArrayList.java:1541)","\tat org.junit.platform.engine.support.hierarchical.SameThreadHierarchicalTestExecutorService.invokeAll(SameThreadHierarchicalTestExecutorService.java:38)","\tat org.junit.platform.engine.support.hierarchical.NodeTestTask.lambda$executeRecursively$5(NodeTestTask.java:139)","\tat org.junit.platform.engine.support.hierarchical.ThrowableCollector.execute(ThrowableCollector.java:73)","\tat org.junit.platform.engine.support.hierarchical.NodeTestTask.lambda$executeRecursively$7(NodeTestTask.java:125)","\tat org.junit.platform.engine.support.hierarchical.Node.around(Node.java:135)","\tat org.junit.platform.engine.support.hierarchical.NodeTestTask.lambda$executeRecursively$8(NodeTestTask.java:123)","\tat org.junit.platform.engine.support.hierarchical.ThrowableCollector.execute(ThrowableCollector.java:73)","\tat org.junit.platform.engine.support.hierarchical.NodeTestTask.executeRecursively(NodeTestTask.java:122)","\tat org.junit.platform.engine.support.hierarchical.NodeTestTask.execute(NodeTestTask.java:80)","\tat java.base/java.util.ArrayList.forEach(ArrayList.java:1541)","\tat org.junit.platform.engine.support.hierarchical.SameThreadHierarchicalTestExecutorService.invokeAll(SameThreadHierarchicalTestExecutorService.java:38)","\tat org.junit.platform.engine.support.hierarchical.NodeTestTask.lambda$executeRecursively$5(NodeTestTask.java:139)","\tat org.junit.platform.engine.support.hierarchical.ThrowableCollector.execute(ThrowableCollector.java:73)","\tat org.junit.platform.engine.support.hierarchical.NodeTestTask.lambda$executeRecursively$7(NodeTestTask.java:125)","\tat org.junit.platform.engine.support.hierarchical.Node.around(Node.java:135)","\tat org.junit.platform.engine.support.hierarchical.NodeTestTask.lambda$executeRecursively$8(NodeTestTask.java:123)","\tat org.junit.platform.engine.support.hierarchical.ThrowableCollector.execute(ThrowableCollector.java:73)","\tat org.junit.platform.engine.support.hierarchical.NodeTestTask.executeRecursively(NodeTestTask.java:122)","\tat org.junit.platform.engine.support.hierarchical.NodeTestTask.execute(NodeTestTask.java:80)","\tat org.junit.platform.engine.support.hierarchical.SameThreadHierarchicalTestExecutorService.submit(SameThreadHierarchicalTestExecutorService.java:32)","\tat org.junit.platform.engine.support.hierarchical.HierarchicalTestExecutor.execute(HierarchicalTestExecutor.java:57)","\tat org.junit.platform.engine.support.hierarchical.HierarchicalTestEngine.execute(HierarchicalTestEngine.java:51)","\tat org.junit.platform.launcher.core.DefaultLauncher.execute(DefaultLauncher.java:220)","\tat org.junit.platform.launcher.core.DefaultLauncher.lambda$execute$6(DefaultLauncher.java:188)","\tat org.junit.platform.launcher.core.DefaultLauncher.withInterceptedStreams(DefaultLauncher.java:202)","\tat org.junit.platform.launcher.core.DefaultLauncher.execute(DefaultLauncher.java:181)","\tat org.junit.platform.launcher.core.DefaultLauncher.execute(DefaultLauncher.java:128)","\tat org.apache.maven.surefire.junitplatform.JUnitPlatformProvider.invokeAllTests(JUnitPlatformProvider.java:150)","\tat org.apache.maven.surefire.junitplatform.JUnitPlatformProvider.invoke(JUnitPlatformProvider.java:124)","\tat org.apache.maven.surefire.booter.ForkedBooter.invokeProviderInSameClassLoader(ForkedBooter.java:384)","\tat org.apache.maven.surefire.booter.ForkedBooter.runSuitesInProcess(ForkedBooter.java:345)","\tat org.apache.maven.surefire.booter.ForkedBooter.execute(ForkedBooter.java:126)","\tat org.apache.maven.surefire.booter.ForkedBooter.main(ForkedBooter.java:418)","Caused by: org.springframework.beans.factory.UnsatisfiedDependencyException: Error creating bean with name 'ratingServiceClient' defined in file [/Users/i320726/Documents/GitHub/cloud-fun/bulletin-board/exercise-code-java/target/classes/com/sap/cc/bulletinboard/rating/RatingServiceClient.class]: Unsatisfied dependency expressed through constructor parameter 1; nested exception is org.springframework.beans.factory.BeanCreationException: Error creating bean with name 'baseUrlProvider': Injection of autowired dependencies failed; nested exception is java.lang.IllegalArgumentException: Could not resolve placeholder 'service.rating.url.base' in value \"${service.rating.url.base}\"","\tat org.springframework.beans.factory.support.ConstructorResolver.createArgumentArray(ConstructorResolver.java:797)","\tat org.springframework.beans.factory.support.ConstructorResolver.autowireConstructor(ConstructorResolver.java:227)","\tat org.springframework.beans.factory.support.AbstractAutowireCapableBeanFactory.autowireConstructor(AbstractAutowireCapableBeanFactory.java:1358)","\tat org.springframework.beans.factory.support.AbstractAutowireCapableBeanFactory.createBeanInstance(AbstractAutowireCapableBeanFactory.java:1204)","\tat org.springframework.beans.factory.support.AbstractAutowireCapableBeanFactory.doCreateBean(AbstractAutowireCapableBeanFactory.java:557)","\tat org.springframework.beans.factory.support.AbstractAutowireCapableBeanFactory.createBean(AbstractAutowireCapableBeanFactory.java:517)","\tat org.springframework.beans.factory.support.AbstractBeanFactory.lambda$doGetBean$0(AbstractBeanFactory.java:323)","\tat org.springframework.beans.factory.support.DefaultSingletonBeanRegistry.getSingleton(DefaultSingletonBeanRegistry.java:226)","\tat org.springframework.beans.factory.support.AbstractBeanFactory.doGetBean(AbstractBeanFactory.java:321)","\tat org.springframework.beans.factory.support.AbstractBeanFactory.getBean(AbstractBeanFactory.java:202)","\tat org.springframework.beans.factory.config.DependencyDescriptor.resolveCandidate(DependencyDescriptor.java:276)","\tat org.springframework.beans.factory.support.DefaultListableBeanFactory.doResolveDependency(DefaultListableBeanFactory.java:1304)","\tat org.springframework.beans.factory.support.DefaultListableBeanFactory.resolveDependency(DefaultListableBeanFactory.java:1224)","\tat org.springframework.beans.factory.annotation.AutowiredAnnotationBeanPostProcessor$AutowiredFieldElement.inject(AutowiredAnnota
[...]
upport.AbstractBeanFactory.doGetBean(AbstractBeanFactory.java:321)","\tat org.springframework.beans.factory.support.AbstractBeanFactory.getBean(AbstractBeanFactory.java:202)","\tat org.springframework.beans.factory.config.DependencyDescriptor.resolveCandidate(DependencyDescriptor.java:276)","\tat org.springframework.beans.factory.support.DefaultListableBeanFactory.doResolveDependency(DefaultListableBeanFactory.java:1304)","\tat org.springframework.beans.factory.support.DefaultListableBeanFactory.resolveDependency(DefaultListableBeanFactory.java:1224)","\tat org.springframework.beans.factory.support.ConstructorResolver.resolveAutowiredArgument(ConstructorResolver.java:884)","\tat org.springframework.beans.factory.support.ConstructorResolver.createArgumentArray(ConstructorResolver.java:788)","\t... 97 more","Caused by: java.lang.IllegalArgumentException: Could not resolve placeholder 'service.rating.url.base' in value \"${service.rating.url.base}\"","\tat org.springframework.util.PropertyPlaceholderHelper.parseStringValue(PropertyPlaceholderHelper.java:178)","\tat org.springframework.util.PropertyPlaceholderHelper.replacePlaceholders(PropertyPlaceholderHelper.java:124)","\tat org.springframework.core.env.AbstractPropertyResolver.doResolvePlaceholders(AbstractPropertyResolver.java:239)","\tat org.springframework.core.env.AbstractPropertyResolver.resolveRequiredPlaceholders(AbstractPropertyResolver.java:210)","\tat org.springframework.context.support.PropertySourcesPlaceholderConfigurer.lambda$processProperties$0(PropertySourcesPlaceholderConfigurer.java:175)","\tat org.springframework.beans.factory.support.AbstractBeanFactory.resolveEmbeddedValue(AbstractBeanFactory.java:912)","\tat org.springframework.beans.factory.support.DefaultListableBeanFactory.doResolveDependency(DefaultListableBeanFactory.java:1245)","\tat org.springframework.beans.factory.support.DefaultListableBeanFactory.resolveDependency(DefaultListableBeanFactory.java:1224)","\tat org.springframework.beans.factory.annotation.AutowiredAnnotationBeanPostProcessor$AutowiredFieldElement.inject(AutowiredAnnotationBeanPostProcessor.java:640)","\tat org.springframework.beans.factory.annotation.InjectionMetadata.inject(InjectionMetadata.java:130)","\tat org.springframework.beans.factory.annotation.AutowiredAnnotationBeanPostProcessor.postProcessProperties(AutowiredAnnotationBeanPostProcessor.java:399)","\t... 109 more"] }
{ "written_at":"2023-06-06T11:06:26.822Z","written_ts":1686049586822600000,"tenant_id":"-","component_id":"-","component_name":"-","organization_name":"-","component_type":"application","space_name":"-","component_instance":"0","organization_id":"-","correlation_id":"-","space_id":"-","container_id":"-","tenant_subdomain":"-","type":"log","logger":"org.springframework.test.context.TestContextManager","thread":"main","level":"ERROR","categories":[],"msg":"Caught exception while allowing TestExecutionListener [org.springframework.test.context.web.ServletTestExecutionListener@3bab95ca] to prepare test instance [com.sap.cc.bulletinboard.ads.AdvertisementControllerTest@5724c7da]","stacktrace":["java.lang.IllegalStateException: Failed to load ApplicationContext","\tat org.springframework.test.context.cache.DefaultCacheAwareContextLoaderDelegate.loadContext(DefaultCacheAwareContextLoaderDelegate.java:132)","\tat org.springframework.test.context.support.DefaultTestContext.getApplicationContext(DefaultTestContext.java:123)","\tat org.springframework.test.context.web.ServletTestExecutionListener.setUpRequestContextIfNecessary(ServletTestExecutionListener.java:190)","\tat org.springframework.test.context.web.ServletTestExecutionListener.prepareTestInstance(ServletTestExecutionListener.java:132)","\tat org.springframework.test.context.TestContextManager.prepareTestInstance(TestContextManager.java:244)","\tat org.springframework.test.context.junit.jupiter.SpringExtension.postProcessTestInstance(SpringExtension.java:98)","\tat org.junit.jupiter.engine.descriptor.ClassBasedTestDescriptor.lambda$invokeTestInstancePostProcessors$5(ClassBasedTestDescriptor.java:341)","\tat org.junit.jupiter.engine.descriptor.ClassBasedTestDescriptor.executeAndMaskThrowable(ClassBasedTestDescriptor.java:346)","\tat org.junit.jupiter.engine.descriptor.ClassBasedTestDescriptor.lambda$invokeTestInstancePostProcessors$6(ClassBasedTestDescriptor.java:341)","\tat java.base/java.util.stream.ReferencePipeline$3$1.accept(ReferencePipeline.java:195)","\tat java.base/java.util.stream.ReferencePipeline$2$1.accept(ReferencePipeline.java:177)","\tat java.base/java.util.ArrayList$ArrayListSpliterator.forEachRemaining(ArrayList.java:1655)","\tat java.base/java.util.stream.AbstractPipeline.copyInto(AbstractPipeline.java:484)","\tat java.base/java.util.stream.AbstractPipeline.wrapAndCopyInto(AbstractPipeline.java:474)","\tat java.base/java.util.stream.StreamSpliterators$WrappingSpliterator.forEachRemaining(StreamSpliterators.java:312)","\tat java.base/java.util.stream.Streams$ConcatSpliterator.forEachRemaining(Streams.java:735)","\tat java.base/java.util.stream.Streams$ConcatSpliterator.forEachRemaining(Streams.java:734)","\tat java.base/java.util.stream.ReferencePipeline$Head.forEach(ReferencePipeline.java:658)","\tat org.junit.jupiter.engine.descriptor.ClassBasedTestDescriptor.invokeTestInstancePostProcessors(ClassBasedTestDescriptor.java:340)","\tat org.junit.jupiter.engine.descriptor.ClassBasedTestDescriptor.instantiateAndPostProcessTestInstance(ClassBasedTestDescriptor.java:263)","\tat org.junit.jupiter.engine.descriptor.ClassBasedTestDescriptor.lambda$testInstancesProvider$2(ClassBasedTestDescriptor.java:256)","\tat java.base/java.util.Optional.orElseGet(Optional.java:369)","\tat org.junit.jupiter.engine.descriptor.ClassBasedTestDescriptor.lambda$testInstancesProvider$3(ClassBasedTestDescriptor.java:255)","\tat org.junit.jupiter.engine.execution.TestInstancesProvider.getTestInstances(TestInstancesProvider.java:29)","\tat org.junit.jupiter.engine.descriptor.TestMethodTestDescriptor.lambda$prepare$0(TestMethodTestDescriptor.java:108)","\tat org.junit.platform.engine.support.hierarchical.ThrowableCollector.execute(ThrowableCollector.java:73)","\tat org.junit.jupiter.engine.descriptor.TestMethodTestDescriptor.prepare(TestMethodTestDescriptor.java:107)","\tat org.junit.jupiter.engine.descriptor.TestMethodTestDescriptor.prepare(TestMethodTestDescriptor.java:71)","\tat org.junit.platform.engine.support.hierarchical.NodeTestTask.lambda$prepare$1(NodeTestTask.java:107)","\tat org.junit.platform.engine.support.hierarchical.ThrowableCollector.execute(ThrowableCollector.java:73)","\tat org.junit.platform.engine.support.hierarchical.NodeTestTask.prepare(NodeTestTask.java:107)","\tat org.junit.platform.engine.support.hierarchical.NodeTestTask.execute(NodeTestTask.java:75)","\tat java.base/java.util.ArrayList.forEach(ArrayList.java:1541)","\tat org.junit.platform.engine.support.hierarchical.SameThreadHierarchicalTestExecutorService.invokeAll(SameThreadHierarchicalTestExecutorService.java:38)","\tat org.junit.platform.engine.support.hierarchical.NodeTestTask.lambda$executeRecursively$5(NodeTestTask.java:139)","\tat org.junit.platform.engine.support.hierarchical.ThrowableCollector.execute(ThrowableCollector.java:73)","\tat org.junit.platform.engine.support.hierarchical.NodeTestTask.lambda$executeRecursively$7(NodeTestTask.java:125)","\tat org.junit.platform.engine.support.hierarchical.Node.around(Node.java:135)","\tat org.junit.platform.engine.support.hierarchical.NodeTestTask.lambda$executeRecursively$8(NodeTestTask.java:123)","\tat org.junit.platform.engine.support.hierarchical.ThrowableCollector.execute(ThrowableCollector.java:73)","\tat org.junit.platform.engine.support.hierarchical.NodeTestTask.executeRecursively(NodeTestTask.java:122)","\tat org.junit.platform.engine.support.hierarchical.NodeTestTask.execute(NodeTestTask.java:80)","\tat java.base/java.util.ArrayList.forEach(ArrayList.java:1541)","\tat org.junit.platform.engine.support.hierarchical.SameThreadHierarchicalTestExecutorService.invokeAll(SameThreadHierarchicalTestExecutorService.java:38)","\tat org.junit.platform.engine.support.hierarchical.NodeTestTask.lambda$executeRecursively$5(NodeTestTask.java:139)","\tat org.junit.platform.engine.support.hierarchical.ThrowableCollector.execute(ThrowableCollector.java:73)","\tat org.junit.platform.engine.support.hierarchical.NodeTestTask.lambda$executeRecursively$7(NodeTestTask.java:125)","\tat org.junit.platform.engine.support.hierarchical.Node.around(Node.java:135)","\tat org.junit.platform.engine.support.hierarchical.NodeTestTask.lambda$executeRecursively$8(NodeTestTask.java:123)","\tat org.junit.platform.engine.support.hierarchical.ThrowableCollector.execute(ThrowableCollector.java:73)","\tat org.junit.platform.engine.support.hierarchical.NodeTestTask.executeRecursively(NodeTestTask.java:122)","\tat org.junit.platform.engine.support.hierarchical.NodeTestTask.execute(NodeTestTask.java:80)","\tat org.junit.platform.engine.support.hierarchical.SameThreadHierarchicalTestExecutorService.submit(SameThreadHierarchicalTestExecutorService.java:32)","\tat org.junit.platform.engine.support.hierarchical.HierarchicalTestExecutor.execute(HierarchicalTestExecutor.java:57)","\tat org.junit.platform.engine.support.hierarchical.HierarchicalTestEngine.execute(HierarchicalTestEngine.java:51)","\tat org.junit.platform.launcher.core.DefaultLauncher.execute(DefaultLauncher.java:220)","\tat org.junit.platform.launcher.core.DefaultLauncher.lambda$execute$6(DefaultLauncher.java:188)","\tat org.junit.platform.launcher.core.DefaultLauncher.withInterceptedStreams(DefaultLauncher.java:202)","\tat org.junit.platform.launcher.core.DefaultLauncher.execute(DefaultLauncher.java:181)","\tat org.junit.platform.launcher.core.DefaultLauncher.execute(DefaultLauncher.java:128)","\tat org.apache.maven.surefire.junitplatform.JUnitPlatformProvider.invokeAllTests(JUnitPlatformProvider.java:150)","\tat org.apache.maven.surefire.junitplatform.JUnitPlatformProvider.invoke(JUnitPlatformProvider.java:124)","\tat org.apache.maven.surefire.booter.ForkedBooter.invokeProviderInSameClassLoader(ForkedBooter.java:384)","\tat org.apache.maven.surefire.booter.ForkedBooter.runSuitesInProcess(ForkedBooter.java:345)","\tat org.apache.maven.surefire.booter.ForkedBooter.execute(ForkedBooter.java:126)","\tat org.apache.maven.surefire.booter.ForkedBooter.main(ForkedBooter.java:418)","Caused by: org.springframework.beans.factory.UnsatisfiedDependencyException: Error creating bean with name 'advertisementController': Unsatisfied dependency expressed through field 'ratingServiceClient'; nested exception is org.springframework.beans.factory.UnsatisfiedDependencyException: Error creating bean with name 'ratingServiceClient' defined in file [/Users/i320726/Documents/GitHub/cloud-fun/bulletin-board/exercise-code-java/target/classes/com/sap/cc/bulletinboard/rating/RatingServiceClient.class]: Unsatisfied dependency expressed through constructor parameter 1; nested exception is org.springframework.beans.factory.BeanCreationException: Error creating bean with name 'baseUrlProvider': Injection of autowired dependencies failed; nested exception is java.lang.IllegalArgumentException: Could not resolve placeholder 'service.rating.url.base' in value \"${service.rating.url.base}\"","\tat org.springframework.beans.factory.annotation.AutowiredAnnotationBeanPostProcessor$AutowiredFieldElement.inject(AutowiredAnnotationBeanPostProcessor.java:643)","\tat org.springframework.beans.factory.annotation.InjectionMetadata.inject(InjectionMetadata.java:130)","\tat org.springframework.beans.factory.annotation.AutowiredAnnotationBeanPostProcessor.postProcessProperties(AutowiredAnnotationBeanPostProcessor.java:399)","\tat org.springframework.beans.factory.support.AbstractAutowireCapableBeanFactory.populateBean(AbstractAutowireCapableBeanFactory.java:1422)","\tat org.springframework.beans.factory.support.AbstractAutowireCapableBeanFactory.doCreateBean(AbstractAutowireCapableBeanFactory.java:594)","\tat org.springframework.beans.factory.support.AbstractAutowireCapableBeanFactory.createBean(AbstractAutowireCapableBeanFactory.java:517)","\tat org.springframework.beans.factory.support.AbstractBeanFactory.lambda$doGetBean$0(AbstractBeanFactory.java:323)","\tat org.springframework.beans.factory.support.DefaultSingletonBeanRegistry.getSingleton(DefaultSingletonBeanRegistry.java:226)","\tat org.springframework.beans.factory.support.AbstractBeanFactory.doGetBean(AbstractBeanFactory.java:321)","\tat org.springframework.beans.factory.support.AbstractBeanFactory.getBean(AbstractBeanFactory.java:202)","\tat org.springframework.beans.factory.support.DefaultListableBeanFactory.preInstantiateSingletons(DefaultListableBeanFactory.java:893)","\tat org.springframework.context.support.AbstractApplicationContext.finishBeanFactoryInitialization(AbstractApplicationContext.java:879)","\tat org.springframework.context.support.AbstractApplicationContext.refresh(AbstractApplicationContext.java:551)","\tat org.springframework.boot.SpringApplication.refresh(SpringApplication.java:758)","\tat org.springframework.boot.SpringApplication.refresh(SpringApplication.java:750)","\tat org.springframework.boot.SpringApplication.refreshContext(SpringApplication.java:397)","\tat org.springframework.boot.SpringApplication.run(SpringApplication.java:315)","\tat org.springframework.boot.test.context.SpringBootContextLoader.loadContext(SpringBootContextLoader.java:120)","\tat org.springframework.test.context.cache.DefaultCacheAwareContextLoaderDelegate.loadContextInternal(DefaultCacheAwareContextLoaderDelegate.java:99)","\tat org.springframework.test.context.cache.DefaultCacheAwareContextLoaderDelegate.loadContext(DefaultCacheAwareContextLoaderDelegate.java:124)","\t... 65 more","Caused by: org.springframework.beans.factory.UnsatisfiedDependencyException: Error creating bean with name 'ratingServiceClient' defined in file [/Users/i320726/Documents/GitHub/cloud-fun/bulletin-board/exercise-code-java/target/classes/com/sap/cc/bulletinboard/rating/RatingServiceClient.class]: Unsatisfied dependency expressed through constructor parameter 1; nested exception is org.springframework.beans.factory.BeanCreationException: Error creating bean with name 'baseUrlProvider': Injection of autowired dependencies failed; nested exception is java.lang.IllegalArgumentException: Could not resolve placeholder 'service.rating.url.base' in value \"${service.rating.url.base}\"","\tat org.springframework.beans.factory.support.ConstructorResolver.createArgumentArray(ConstructorResolver.java:797)","\tat org.springframework.beans.factory.support.ConstructorResolver.autowireConstructor(ConstructorResolver.java:227)","\tat org.springframework.beans.factory.support.AbstractAutowireCapableBeanFactory.autowireConstructor(AbstractAutowireCapableBeanFactory.java:1358)","\tat org.springframework.beans.factory.support.AbstractAutowireCapableBeanFactory.createBeanInstance(AbstractAutowireCapableBeanFactory.java:1204)","\tat org.springframework.beans.factory.support.AbstractAutowireCapableBeanFactory.doCreateBean(AbstractAutowireCapableBeanFactory.java:557)","\tat org.springframework.beans.factory.support.AbstractAutowireCapableBeanFactory.createBean(AbstractAutowireCapableBeanFactory.java:517)","\tat org.springframework.beans.factory.support.AbstractBeanFactory.lambda$doGetBean$0(AbstractBeanFactory.java:323)","\tat org.springframework.beans.factory.support.DefaultSingletonBeanRegistry.getSingleton(DefaultSingletonBeanRegistry.java:226)","\tat org.springframework.beans.factory.support.AbstractBeanFactory.doGetBean(AbstractBeanFactory.java:321)","\tat org.springframework.beans.factory.support.AbstractBeanFactory.getBean(AbstractBeanFactory.java:202)","\tat org.springframework.beans.factory.config.DependencyDescriptor.resolveCandidate(DependencyDescriptor.java:276)","\tat org.springframework.beans.factory.support.DefaultListableBeanFactory.doResolveDependency(DefaultListableBeanFactory.java:1304)","\tat org.springframework.beans.factory.support.DefaultListableBeanFactory.resolveDependency(DefaultListableBeanFactory.java:1224)","\tat org.springframework.beans.factory.annotation.AutowiredAnnotationBeanPostProcessor$AutowiredFieldElement.inject(AutowiredAnnotationBeanPostProcessor.java:640)","\t... 84 more","Caused by: org.springframework.beans.factory.BeanCreationException: Error creating bean with name 'baseUrlProvider': Injection of autowired dependencies failed; nested exception is java.lang.IllegalArgumentException: Could not resolve placeholder 'service.rating.url.base' in value \"${service.rating.url.base}\"","\tat org.springframework.beans.factory.annotation.AutowiredAnnotationBeanPostProcessor.postProcessProperties(AutowiredAnnotationBeanPostProcessor.java:405)","\tat org.springframework.beans.factory.support.AbstractAutowireCapableBeanFactory.populateBean(AbstractAutowireCapableBeanFactory.java:1422)","\tat org.springframework.beans.factory.support.AbstractAutowireCapableBeanFactory.doCreateBean(AbstractAutowireCapableBeanFactory.java:594)","\tat org.springframework.beans.factory.support.AbstractAutowireCapableBeanFactory.createBean(AbstractAutowireCapableBeanFactory.java:517)","\tat org.springframework.beans.factory.support.AbstractBeanFactory.lambda$doGetBean$0(AbstractBeanFactory.java:323)","\tat org.springframework.beans.factory.support.DefaultSingletonBeanRegistry.getSingleton(DefaultSingletonBeanRegistry.java:226)","\tat org.springframework.beans.factory.support.AbstractBeanFactory.doGetBean(AbstractBeanFactory.java:321)","\tat org.springframework.beans.factory.support.AbstractBeanFactory.getBean(AbstractBeanFactory.java:202)","\tat org.springframework.beans.factory.config.DependencyDescriptor.resolveCandidate(DependencyDescriptor.java:276)","\tat org.springframework.beans.factory.support.DefaultListableBeanFactory.doResolveDependency(DefaultListableBeanFactory.java:1304)","\tat org.springframework.beans.factory.support.DefaultListableBeanFactory.resolveDependency(DefaultListableBeanFactory.java:1224)","\tat org.springframework.beans.factory.support.ConstructorResolver.resolveAutowiredArgument(ConstructorResolver.java:884)","\tat org.springframework.beans.factory.support.ConstructorResolver.createArgumentArray(ConstructorResolver.java:788)","\t... 97 more","Caused by: java.lang.IllegalArgumentException: Could not resolve placeholder 'service.rating.url.base' in value \"${service.rating.url.base}\"","\tat org.springframework.util.PropertyPlaceholderHelper.parseStringValue(PropertyPlaceholderHelper.java:178)","\tat org.springframework.util.PropertyPlaceholderHelper.replacePlaceholders(PropertyPlaceholderHelper.java:124)","\tat org.springframework.core.env.AbstractPropertyResolver.doResolvePlaceholders(AbstractPropertyResolver.java:239)","\tat org.springframework.core.env.AbstractPropertyResolver.resolveRequiredPlaceholders(AbstractPropertyResolver.java:210)","\tat org.springframework.context.support.PropertySourcesPlaceholderConfigurer.lambda$processProperties$0(PropertySourcesPlaceholderConfigurer.java:175)","\tat org.springframework.beans.factory.support.AbstractBeanFactory.resolveEmbeddedValue(AbstractBeanFactory.java:912)","\tat org.springframework.beans.factory.support.DefaultListableBeanFactory.doResolveDependency(DefaultListableBeanFactory.java:1245)","\tat org.springframework.beans.factory.support.DefaultListableBeanFactory.resolveDependency(DefaultListableBeanFactory.java:1224)","\tat org.springframework.beans.factory.annotation.AutowiredAnnotationBeanPostProcessor$AutowiredFieldElement.inject(AutowiredAnnotationBeanPostProcessor.java:640)","\tat org.springframework.beans.factory.annotation.InjectionMetadata.inject(InjectionMetadata.java:130)","\tat org.springframework.beans.factory.annotation.AutowiredAnnotationBeanPostProcessor.postProcessProperties(AutowiredAnnotationBeanPostProcessor.java:399)","\t... 109 more"] }
]]></system-out>
  </testcase>
</testsuite>